Using pre-set license
Built from '2020.2/release' branch; Version is '2020.2.2f1 (068178b99f32) revision 426360'; Using compiler version '192528614'; Build Type 'Release'
OS: 'Windows 10 Home; OS build 19041.867; Version 2004; 64bit' Language: 'en' Physical Memory: 16191 MB
BatchMode: 1, IsHumanControllingUs: 0, StartBugReporterOnCrash: 0, Is64bit: 1, IsPro: 0

 COMMAND LINE ARGUMENTS:
D:\UnityEditor\2020.2.2f1\Editor\Unity.exe
-adb2
-batchMode
-noUpm
-name
AssetImportWorker3
-projectPath
D:/TPKGames/Final Projects/PistolMaster/PistolMaster
-logFile
Logs/AssetImportWorker3.log
-srvPort
51855
Successfully changed project path to: D:/TPKGames/Final Projects/PistolMaster/PistolMaster
D:/TPKGames/Final Projects/PistolMaster/PistolMaster
Using Asset Import Pipeline V2.
Refreshing native plugins compatible for Editor in 130.59 ms, found 3 plugins.
Preloading 1 native plugins for Editor in 2.88 ms.
Initialize engine version: 2020.2.2f1 (068178b99f32)
[Subsystems] Discovering subsystems at path D:/UnityEditor/2020.2.2f1/Editor/Data/Resources/UnitySubsystems
[Subsystems] Discovering subsystems at path D:/TPKGames/Final Projects/PistolMaster/PistolMaster/Assets
GfxDevice: creating device client; threaded=0
Direct3D:
    Version:  Direct3D 11.0 [level 11.1]
    Renderer: NVIDIA GeForce GTX 1660 Ti (ID=0x2191)
    Vendor:   
    VRAM:     5991 MB
    Driver:   27.21.14.6192
Shader 'Universal Render Pipeline/Particles/Lit': fallback shader 'Universal Render Pipeline/Particles/SimpleLit' not found
Initialize mono
Mono path[0] = 'D:/UnityEditor/2020.2.2f1/Editor/Data/Managed'
Mono path[1] = 'D:/UnityEditor/2020.2.2f1/Editor/Data/MonoBleedingEdge/lib/mono/unityjit'
Mono config path = 'D:/UnityEditor/2020.2.2f1/Editor/Data/MonoBleedingEdge/etc'
Using monoOptions --debugger-agent=transport=dt_socket,embedding=1,server=y,suspend=n,address=127.0.0.1:56256
Begin MonoManager ReloadAssembly
Registering precompiled unity dll's ...
Register platform support module: D:/UnityEditor/2020.2.2f1/Editor/Data/PlaybackEngines/WebGLSupport/UnityEditor.WebGL.Extensions.dll
Register platform support module: D:/UnityEditor/2020.2.2f1/Editor/Data/PlaybackEngines/WindowsStandaloneSupport/UnityEditor.WindowsStandalone.Extensions.dll
Registered in 0.002472 seconds.
Native extension for WindowsStandalone target not found
Native extension for WebGL target not found
Refreshing native plugins compatible for Editor in 95.76 ms, found 3 plugins.
Preloading 1 native plugins for Editor in 0.09 ms.
Invoked RoslynAnalysisRunner static constructor.
RoslynAnalysisRunner will not be running.
RoslynAnalysisRunner has terminated.
Mono: successfully reloaded assembly
- Completed reload, in  3.557 seconds
Platform modules already initialized, skipping
Registering precompiled user dll's ...
Registered in 0.005633 seconds.
Begin MonoManager ReloadAssembly
Native extension for WindowsStandalone target not found
Native extension for WebGL target not found
Refreshing native plugins compatible for Editor in 128.31 ms, found 3 plugins.
Preloading 1 native plugins for Editor in 0.09 ms.
Invoked RoslynAnalysisRunner static constructor.
RoslynAnalysisRunner will not be running.
RoslynAnalysisRunner has terminated.
[XR] OculusXRPlugin: registering subsystems
[XR] Unable to register display lifecyle provider: [1]
[XR] Oculus Input lifecycle provider registered.
[XR] Unable to register input lifecyle provider: [1]
NullReferenceException: Object reference not set to an instance of an object
  at Unity.XR.Oculus.OculusLoader.AssetPathToAbsolutePath (System.String assetPath) [0x00048] in C:\Users\13854\Desktop\VR_Unity\Library\PackageCache\com.unity.xr.oculus@1.6.1\Runtime\OculusLoader.cs:242 
  at Unity.XR.Oculus.OculusLoader.EditorLoadOVRPlugin () [0x0007b] in C:\Users\13854\Desktop\VR_Unity\Library\PackageCache\com.unity.xr.oculus@1.6.1\Runtime\OculusLoader.cs:227 

(Filename: C:/Users/13854/Desktop/VR_Unity/Library/PackageCache/com.unity.xr.oculus@1.6.1/Runtime/OculusLoader.cs Line: 242)

Mono: successfully reloaded assembly
- Completed reload, in  3.509 seconds
Platform modules already initialized, skipping
========================================================================
Worker process is ready to serve import requests
Shader 'Universal Render Pipeline/Particles/Lit': fallback shader 'Universal Render Pipeline/Particles/SimpleLit' not found
Launched and connected shader compiler UnityShaderCompiler.exe after 0.13 seconds
Refreshing native plugins compatible for Editor in 1.36 ms, found 3 plugins.
Preloading 1 native plugins for Editor in 0.11 ms.
Unloading 3166 Unused Serialized files (Serialized files now loaded: 0)
System memory in use before: 139.9 MB.
System memory in use after: 140.1 MB.

Unloading 12 unused Assets to reduce memory usage. Loaded Objects now: 3615.
Total: 5.038200 ms (FindLiveObjects: 0.652200 ms CreateObjectMapping: 0.435100 ms MarkObjects: 3.844300 ms  DeleteObjects: 0.104500 ms)

========================================================================
Received Import Request.
  path: Assets/Prefabs/Miltary Assets/Meshes/Military Base/SM_Sign01_1.FBX
  artifactKey: Guid(90a225d10946aaa4986259bd80dcd832) Importer(815301076,1909f56bfc062723c751e8b465ee728b)
Start importing Assets/Prefabs/Miltary Assets/Meshes/Military Base/SM_Sign01_1.FBX using Guid(90a225d10946aaa4986259bd80dcd832) Importer(815301076,1909f56bfc062723c751e8b465ee728b)  -> (artifact id: 'fdd2ca5c1768c559d7e03017950bf39d') in 2.334516 seconds
  Import took 2.557595 seconds .

========================================================================
Received Import Request.
  Time since last request: 0.000390 seconds.
  path: Assets/Prefabs/Miltary Assets/Meshes/Military Base/SM_TacticalWall01_3.FBX
  artifactKey: Guid(2a29d29bd5b3c8149a1677f5b28536ad) Importer(815301076,1909f56bfc062723c751e8b465ee728b)
Start importing Assets/Prefabs/Miltary Assets/Meshes/Military Base/SM_TacticalWall01_3.FBX using Guid(2a29d29bd5b3c8149a1677f5b28536ad) Importer(815301076,1909f56bfc062723c751e8b465ee728b)  -> (artifact id: '54674452cfe5b29068516c9b02d9dfd4') in 1.751973 seconds
  Import took 1.888027 seconds .

========================================================================
Received Import Request.
  Time since last request: 0.000270 seconds.
  path: Assets/Prefabs/Miltary Assets/Meshes/Military Base/SM_Crate04_3.FBX
  artifactKey: Guid(6e1e59c229bf30141a1c4d20d812d49a) Importer(815301076,1909f56bfc062723c751e8b465ee728b)
Start importing Assets/Prefabs/Miltary Assets/Meshes/Military Base/SM_Crate04_3.FBX using Guid(6e1e59c229bf30141a1c4d20d812d49a) Importer(815301076,1909f56bfc062723c751e8b465ee728b)  -> (artifact id: 'a68dabcb5b811731d22a43bf8267b61d') in 0.478164 seconds
  Import took 0.515305 seconds .

========================================================================
Received Import Request.
  Time since last request: 0.000272 seconds.
  path: Assets/Prefabs/Miltary Assets/Meshes/Military Base/SM_CableReel01_2.FBX
  artifactKey: Guid(73bfec30255637541bced83515915c41) Importer(815301076,1909f56bfc062723c751e8b465ee728b)
Start importing Assets/Prefabs/Miltary Assets/Meshes/Military Base/SM_CableReel01_2.FBX using Guid(73bfec30255637541bced83515915c41) Importer(815301076,1909f56bfc062723c751e8b465ee728b)  -> (artifact id: 'bfeb68a1e75db4e0733767d413b8fa30') in 0.451095 seconds
  Import took 0.481018 seconds .

========================================================================
Received Import Request.
  Time since last request: 0.000258 seconds.
  path: Assets/Prefabs/Miltary Assets/Meshes/Military Base/SM_Tires01_4.FBX
  artifactKey: Guid(5f1c2ad738539fc4496cc488718f4760) Importer(815301076,1909f56bfc062723c751e8b465ee728b)
Start importing Assets/Prefabs/Miltary Assets/Meshes/Military Base/SM_Tires01_4.FBX using Guid(5f1c2ad738539fc4496cc488718f4760) Importer(815301076,1909f56bfc062723c751e8b465ee728b)  -> (artifact id: '481db98dacdbea61156b610076738faf') in 0.551181 seconds
  Import took 0.865284 seconds .

========================================================================
Received Import Request.
  Time since last request: 0.000402 seconds.
  path: Assets/Prefabs/Miltary Assets/Meshes/Military Base/SM_BarrierConcrete02_6.FBX
  artifactKey: Guid(1c8bc6c2fe467d8469be2c1c6003d861) Importer(815301076,1909f56bfc062723c751e8b465ee728b)
Start importing Assets/Prefabs/Miltary Assets/Meshes/Military Base/SM_BarrierConcrete02_6.FBX using Guid(1c8bc6c2fe467d8469be2c1c6003d861) Importer(815301076,1909f56bfc062723c751e8b465ee728b)  -> (artifact id: '975c92b0d676ddfedc554284e19ca969') in 1.394275 seconds
  Import took 1.556642 seconds .

========================================================================
Received Import Request.
  Time since last request: 0.000365 seconds.
  path: Assets/Prefabs/Miltary Assets/Meshes/Military Base/SM_BarrierTank01.FBX
  artifactKey: Guid(8555c46fc8364d148878cc5d7deb942d) Importer(815301076,1909f56bfc062723c751e8b465ee728b)
Start importing Assets/Prefabs/Miltary Assets/Meshes/Military Base/SM_BarrierTank01.FBX using Guid(8555c46fc8364d148878cc5d7deb942d) Importer(815301076,1909f56bfc062723c751e8b465ee728b)  -> (artifact id: 'b17f0ee0e02e33c3a48b602b1dfe3dc8') in 0.479444 seconds
  Import took 0.527579 seconds .

========================================================================
Received Import Request.
  Time since last request: 0.000435 seconds.
  path: Assets/Prefabs/Miltary Assets/Meshes/Military Base/SM_Crate02_1.FBX
  artifactKey: Guid(5b0aa61be92a31a4f9598d290b358c6f) Importer(815301076,1909f56bfc062723c751e8b465ee728b)
Start importing Assets/Prefabs/Miltary Assets/Meshes/Military Base/SM_Crate02_1.FBX using Guid(5b0aa61be92a31a4f9598d290b358c6f) Importer(815301076,1909f56bfc062723c751e8b465ee728b)  -> (artifact id: 'aee55d9db58da4e95e40ad40ea0f9bec') in 1.534793 seconds
  Import took 1.912240 seconds .

========================================================================
Received Import Request.
  Time since last request: 0.000409 seconds.
  path: Assets/Prefabs/1911.prefab
  artifactKey: Guid(ac275d5bd610835429b955dbcdf5b0ff) Importer(815301076,1909f56bfc062723c751e8b465ee728b)
Start importing Assets/Prefabs/1911.prefab using Guid(ac275d5bd610835429b955dbcdf5b0ff) Importer(815301076,1909f56bfc062723c751e8b465ee728b)  -> (artifact id: 'f4f406503d74250cbe9886b0a798fe82') in 5.251880 seconds
  Import took 5.405280 seconds .

========================================================================
Received Import Request.
  Time since last request: 0.000302 seconds.
  path: Assets/Prefabs/Miltary Assets/Meshes/Military Base/SM_Crate04_4.FBX
  artifactKey: Guid(1b8d98011282fa74f91a19147ed2a20e) Importer(815301076,1909f56bfc062723c751e8b465ee728b)
Start importing Assets/Prefabs/Miltary Assets/Meshes/Military Base/SM_Crate04_4.FBX using Guid(1b8d98011282fa74f91a19147ed2a20e) Importer(815301076,1909f56bfc062723c751e8b465ee728b)  -> (artifact id: '7c194e4ea07a86815af21b6b06006b89') in 0.366150 seconds
  Import took 0.390873 seconds .

========================================================================
Received Import Request.
  Time since last request: 0.000279 seconds.
  path: Assets/Prefabs/Miltary Assets/Meshes/Military Base/SM_WatchTower01_2.FBX
  artifactKey: Guid(e1c748b559a90484f8e3162fcf6dff31) Importer(815301076,1909f56bfc062723c751e8b465ee728b)
Start importing Assets/Prefabs/Miltary Assets/Meshes/Military Base/SM_WatchTower01_2.FBX using Guid(e1c748b559a90484f8e3162fcf6dff31) Importer(815301076,1909f56bfc062723c751e8b465ee728b)  -> (artifact id: '496d55f7a4c608793ea90c15c0457d40') in 1.353619 seconds
  Import took 1.362441 seconds .

========================================================================
Received Import Request.
  Time since last request: 0.000262 seconds.
  path: Assets/Prefabs/Miltary Assets/Meshes/Military Base/SM_Tent02_1.FBX
  artifactKey: Guid(33799c9d27aab40459758940212b99c7) Importer(815301076,1909f56bfc062723c751e8b465ee728b)
Start importing Assets/Prefabs/Miltary Assets/Meshes/Military Base/SM_Tent02_1.FBX using Guid(33799c9d27aab40459758940212b99c7) Importer(815301076,1909f56bfc062723c751e8b465ee728b)  -> (artifact id: '721bcd23aea8f08994cc3d539b2d6f2d') in 1.501064 seconds
  Import took 1.535287 seconds .

========================================================================
Received Import Request.
  Time since last request: 0.000428 seconds.
  path: Assets/Prefabs/Miltary Assets/Meshes/Military Base/SM_Tent02_3.FBX
  artifactKey: Guid(ef5fe07f9a7c5364b99f20d139b57304) Importer(815301076,1909f56bfc062723c751e8b465ee728b)
Start importing Assets/Prefabs/Miltary Assets/Meshes/Military Base/SM_Tent02_3.FBX using Guid(ef5fe07f9a7c5364b99f20d139b57304) Importer(815301076,1909f56bfc062723c751e8b465ee728b)  -> (artifact id: 'e1d511202be4982a24b38b694f63857b') in 2.874182 seconds
  Import took 2.902391 seconds .

========================================================================
Received Import Request.
  Time since last request: 0.000323 seconds.
  path: Assets/Prefabs/Miltary Assets/Meshes/Military Base/SM_WhiteBoard01_2.FBX
  artifactKey: Guid(1be3511cc35ccab4d9dbafb648977199) Importer(815301076,1909f56bfc062723c751e8b465ee728b)
Start importing Assets/Prefabs/Miltary Assets/Meshes/Military Base/SM_WhiteBoard01_2.FBX using Guid(1be3511cc35ccab4d9dbafb648977199) Importer(815301076,1909f56bfc062723c751e8b465ee728b)  -> (artifact id: '62353db70307d2394cc3affbce3c3b57') in 0.428614 seconds
  Import took 0.499605 seconds .

========================================================================
Received Import Request.
  Time since last request: 0.000282 seconds.
  path: Assets/Prefabs/Miltary Assets/Meshes/Military Base/SM_CableReel01_1.FBX
  artifactKey: Guid(2f0df28a47b94d340bab04765a5c903a) Importer(815301076,1909f56bfc062723c751e8b465ee728b)
Start importing Assets/Prefabs/Miltary Assets/Meshes/Military Base/SM_CableReel01_1.FBX using Guid(2f0df28a47b94d340bab04765a5c903a) Importer(815301076,1909f56bfc062723c751e8b465ee728b)  -> (artifact id: 'bb71eb82ee4cd1bf1b2cd7cd1ef087e4') in 0.415398 seconds
  Import took 0.479521 seconds .

========================================================================
Received Import Request.
  Time since last request: 0.000285 seconds.
  path: Assets/Prefabs/Miltary Assets/Meshes/Military Base/SM_FuelCan01.FBX
  artifactKey: Guid(a5c425f8d4547c144bb92a5f1498dc7d) Importer(815301076,1909f56bfc062723c751e8b465ee728b)
Start importing Assets/Prefabs/Miltary Assets/Meshes/Military Base/SM_FuelCan01.FBX using Guid(a5c425f8d4547c144bb92a5f1498dc7d) Importer(815301076,1909f56bfc062723c751e8b465ee728b)  -> (artifact id: 'ef5868a71a1f972580808462f7264e75') in 0.285083 seconds
  Import took 0.331904 seconds .

========================================================================
Received Import Request.
  Time since last request: 0.000358 seconds.
  path: Assets/Prefabs/Miltary Assets/Meshes/Military Base/SM_TrailerLight01_2.FBX
  artifactKey: Guid(465c9411a9053f74d89d6feee76d7408) Importer(815301076,1909f56bfc062723c751e8b465ee728b)
Start importing Assets/Prefabs/Miltary Assets/Meshes/Military Base/SM_TrailerLight01_2.FBX using Guid(465c9411a9053f74d89d6feee76d7408) Importer(815301076,1909f56bfc062723c751e8b465ee728b)  -> (artifact id: '3676e8d184b322a9b65a9c4896dc5741') in 1.499755 seconds
  Import took 1.585727 seconds .

========================================================================
Received Import Request.
  Time since last request: 0.000322 seconds.
  path: Assets/Prefabs/Miltary Assets/Meshes/Military Base/SM_TowerLight01A_2.FBX
  artifactKey: Guid(8057fa700059ca14ea897872d91d47f3) Importer(815301076,1909f56bfc062723c751e8b465ee728b)
Start importing Assets/Prefabs/Miltary Assets/Meshes/Military Base/SM_TowerLight01A_2.FBX using Guid(8057fa700059ca14ea897872d91d47f3) Importer(815301076,1909f56bfc062723c751e8b465ee728b)  -> (artifact id: '07a8c08413a38b7ab599e2acabc57b74') in 1.368566 seconds
  Import took 1.462770 seconds .

========================================================================
Received Import Request.
  Time since last request: 0.000432 seconds.
  path: Assets/Prefabs/Miltary Assets/Meshes/Military Base/SM_WarehouseShelves01_2.FBX
  artifactKey: Guid(5a7a274e9d823574e89533a7c5747525) Importer(815301076,1909f56bfc062723c751e8b465ee728b)
Start importing Assets/Prefabs/Miltary Assets/Meshes/Military Base/SM_WarehouseShelves01_2.FBX using Guid(5a7a274e9d823574e89533a7c5747525) Importer(815301076,1909f56bfc062723c751e8b465ee728b)  -> (artifact id: 'adffbd3d735272dc36cd56f72b4276df') in 1.034293 seconds
  Import took 1.147430 seconds .

========================================================================
Received Import Request.
  Time since last request: 0.000273 seconds.
  path: Assets/Prefabs/Miltary Assets/Meshes/Military Base/SM_Warehouse01_6.FBX
  artifactKey: Guid(76a17dc9ed0368b44ad7a761688497b2) Importer(815301076,1909f56bfc062723c751e8b465ee728b)
Start importing Assets/Prefabs/Miltary Assets/Meshes/Military Base/SM_Warehouse01_6.FBX using Guid(76a17dc9ed0368b44ad7a761688497b2) Importer(815301076,1909f56bfc062723c751e8b465ee728b)  -> (artifact id: '80e415defad9b3401e52a692a876d4be') in 2.261963 seconds
  Import took 2.295042 seconds .

========================================================================
Received Import Request.
  Time since last request: 0.000379 seconds.
  path: Assets/Prefabs/Miltary Assets/Meshes/Military Base/SM_Container01_5.FBX
  artifactKey: Guid(d65880f7624688b4d8b183fdb5d9f5d1) Importer(815301076,1909f56bfc062723c751e8b465ee728b)
Start importing Assets/Prefabs/Miltary Assets/Meshes/Military Base/SM_Container01_5.FBX using Guid(d65880f7624688b4d8b183fdb5d9f5d1) Importer(815301076,1909f56bfc062723c751e8b465ee728b)  -> (artifact id: '99e3b562125f931293128bdd128ade84') in 1.433469 seconds
  Import took 1.461966 seconds .

========================================================================
Received Import Request.
  Time since last request: 0.000325 seconds.
  path: Assets/Prefabs/Miltary Assets/Meshes/Military Base/SM_BarrierConcrete02_5.FBX
  artifactKey: Guid(befadfa378d3c954182bd9dbc741ddbb) Importer(815301076,1909f56bfc062723c751e8b465ee728b)
Start importing Assets/Prefabs/Miltary Assets/Meshes/Military Base/SM_BarrierConcrete02_5.FBX using Guid(befadfa378d3c954182bd9dbc741ddbb) Importer(815301076,1909f56bfc062723c751e8b465ee728b)  -> (artifact id: 'a46a26b6ef486bb3ba81037ca89a74aa') in 1.315333 seconds
  Import took 1.365377 seconds .

========================================================================
Received Import Request.
  Time since last request: 0.000408 seconds.
  path: Assets/Prefabs/Miltary Assets/Meshes/Military Base/SM_Chair01_2.FBX
  artifactKey: Guid(f6f83fba849cc4a469cf8c4a7a61b49e) Importer(815301076,1909f56bfc062723c751e8b465ee728b)
Start importing Assets/Prefabs/Miltary Assets/Meshes/Military Base/SM_Chair01_2.FBX using Guid(f6f83fba849cc4a469cf8c4a7a61b49e) Importer(815301076,1909f56bfc062723c751e8b465ee728b)  -> (artifact id: '38ea9644e0b446439974ae243456e7d7') in 0.437933 seconds
  Import took 0.475087 seconds .

========================================================================
Received Import Request.
  Time since last request: 0.000260 seconds.
  path: Assets/Prefabs/Miltary Assets/Meshes/Military Base/SM_TowerLight01B_2.FBX
  artifactKey: Guid(b80586f24dfc89a4dbaa9718ecead4ea) Importer(815301076,1909f56bfc062723c751e8b465ee728b)
Start importing Assets/Prefabs/Miltary Assets/Meshes/Military Base/SM_TowerLight01B_2.FBX using Guid(b80586f24dfc89a4dbaa9718ecead4ea) Importer(815301076,1909f56bfc062723c751e8b465ee728b)  -> (artifact id: '0053187b016a5d82bf8871af6b67305a') in 1.511230 seconds
  Import took 1.613352 seconds .

========================================================================
Received Import Request.
  Time since last request: 0.000431 seconds.
  path: Assets/Prefabs/Miltary Assets/Meshes/Military Base/SM_BarrierTank02.FBX
  artifactKey: Guid(f8bd4bcb0096e8242b288e093cb9930f) Importer(815301076,1909f56bfc062723c751e8b465ee728b)
Start importing Assets/Prefabs/Miltary Assets/Meshes/Military Base/SM_BarrierTank02.FBX using Guid(f8bd4bcb0096e8242b288e093cb9930f) Importer(815301076,1909f56bfc062723c751e8b465ee728b)  -> (artifact id: '5f580b36ce30b1cf27cd6cb83f1f17bc') in 0.677723 seconds
  Import took 0.709194 seconds .

========================================================================
Received Import Request.
  Time since last request: 0.000411 seconds.
  path: Assets/Prefabs/Miltary Assets/Meshes/Military Base/SM_BarrierConcrete03_2.FBX
  artifactKey: Guid(0e2f5a47b59ad2a47a98864a8e99e0e2) Importer(815301076,1909f56bfc062723c751e8b465ee728b)
Start importing Assets/Prefabs/Miltary Assets/Meshes/Military Base/SM_BarrierConcrete03_2.FBX using Guid(0e2f5a47b59ad2a47a98864a8e99e0e2) Importer(815301076,1909f56bfc062723c751e8b465ee728b)  -> (artifact id: '047b14bdc79dc1643e13e0039b40d5ee') in 0.458967 seconds
  Import took 0.489576 seconds .

========================================================================
Received Import Request.
  Time since last request: 0.000350 seconds.
  path: Assets/Prefabs/Miltary Assets/Meshes/Military Base/SM_TrailerLight01_1.FBX
  artifactKey: Guid(84a8fdd1289def74daf16183ba6cd37c) Importer(815301076,1909f56bfc062723c751e8b465ee728b)
Start importing Assets/Prefabs/Miltary Assets/Meshes/Military Base/SM_TrailerLight01_1.FBX using Guid(84a8fdd1289def74daf16183ba6cd37c) Importer(815301076,1909f56bfc062723c751e8b465ee728b)  -> (artifact id: 'ae6561d4259b33631769bacd3392ebf5') in 1.372343 seconds
  Import took 1.380745 seconds .

========================================================================
Received Import Request.
  Time since last request: 0.000263 seconds.
  path: Assets/Prefabs/Miltary Assets/Meshes/Military Base/SM_Crate02_3.FBX
  artifactKey: Guid(2ac8856b7ef329346a7ef5033c585c97) Importer(815301076,1909f56bfc062723c751e8b465ee728b)
Start importing Assets/Prefabs/Miltary Assets/Meshes/Military Base/SM_Crate02_3.FBX using Guid(2ac8856b7ef329346a7ef5033c585c97) Importer(815301076,1909f56bfc062723c751e8b465ee728b)  -> (artifact id: '25bb62c95e2e1742effc3117c8e257be') in 1.577447 seconds
  Import took 1.737502 seconds .

========================================================================
Received Import Request.
  Time since last request: 0.000367 seconds.
  path: Assets/Prefabs/Miltary Assets/Meshes/Military Base/SM_Crate03_2.FBX
  artifactKey: Guid(155c838a39af04e4aaa938a2d270cf4f) Importer(815301076,1909f56bfc062723c751e8b465ee728b)
Start importing Assets/Prefabs/Miltary Assets/Meshes/Military Base/SM_Crate03_2.FBX using Guid(155c838a39af04e4aaa938a2d270cf4f) Importer(815301076,1909f56bfc062723c751e8b465ee728b)  -> (artifact id: '907c9367b4e7dd901fb428d6f15b3b61') in 1.555858 seconds
  Import took 1.617393 seconds .

========================================================================
Received Import Request.
  Time since last request: 0.000349 seconds.
  path: Assets/Prefabs/Miltary Assets/Meshes/Military Base/SM_BasketballHoop01.FBX
  artifactKey: Guid(d293876f84aba044db45451e9debfc69) Importer(815301076,1909f56bfc062723c751e8b465ee728b)
Start importing Assets/Prefabs/Miltary Assets/Meshes/Military Base/SM_BasketballHoop01.FBX using Guid(d293876f84aba044db45451e9debfc69) Importer(815301076,1909f56bfc062723c751e8b465ee728b)  -> (artifact id: 'f55cbf864fa20b75583e77406f1bfc30') in 0.588307 seconds
  Import took 0.598619 seconds .

========================================================================
Received Import Request.
  Time since last request: 0.000340 seconds.
  path: Assets/Prefabs/Miltary Assets/Meshes/Military Base/SM_Tent02_4.FBX
  artifactKey: Guid(51776537c53e76341937c7fdc8c3e422) Importer(815301076,1909f56bfc062723c751e8b465ee728b)
Start importing Assets/Prefabs/Miltary Assets/Meshes/Military Base/SM_Tent02_4.FBX using Guid(51776537c53e76341937c7fdc8c3e422) Importer(815301076,1909f56bfc062723c751e8b465ee728b)  -> (artifact id: '24b91ad9dcc8818003211d0a6fb19964') in 1.746660 seconds
  Import took 2.179909 seconds .

========================================================================
Received Import Request.
  Time since last request: 0.000284 seconds.
  path: Assets/Prefabs/Miltary Assets/Meshes/Military Base/SM_BarrierConcrete02_3.FBX
  artifactKey: Guid(bc9df7707e7b1a846b7469477e91d619) Importer(815301076,1909f56bfc062723c751e8b465ee728b)
Start importing Assets/Prefabs/Miltary Assets/Meshes/Military Base/SM_BarrierConcrete02_3.FBX using Guid(bc9df7707e7b1a846b7469477e91d619) Importer(815301076,1909f56bfc062723c751e8b465ee728b)  -> (artifact id: 'bbd23a512ca61c1e9c942e94e41ee1a2') in 1.760004 seconds
  Import took 1.768012 seconds .

========================================================================
Received Import Request.
  Time since last request: 0.000276 seconds.
  path: Assets/Prefabs/Miltary Assets/Meshes/Military Base/SM_Sign01_3.FBX
  artifactKey: Guid(684b35f7a6fad9540ba312e8af206d5c) Importer(815301076,1909f56bfc062723c751e8b465ee728b)
Start importing Assets/Prefabs/Miltary Assets/Meshes/Military Base/SM_Sign01_3.FBX using Guid(684b35f7a6fad9540ba312e8af206d5c) Importer(815301076,1909f56bfc062723c751e8b465ee728b)  -> (artifact id: '8d182357ccc426eaf0372cc2e47558a1') in 0.288025 seconds
  Import took 0.522954 seconds .

========================================================================
Received Import Request.
  Time since last request: 0.000278 seconds.
  path: Assets/Prefabs/Miltary Assets/Meshes/Military Base/SM_StorageCase02_2.FBX
  artifactKey: Guid(3be90a2febe8a7e4080f718e02588228) Importer(815301076,1909f56bfc062723c751e8b465ee728b)
Start importing Assets/Prefabs/Miltary Assets/Meshes/Military Base/SM_StorageCase02_2.FBX using Guid(3be90a2febe8a7e4080f718e02588228) Importer(815301076,1909f56bfc062723c751e8b465ee728b)  -> (artifact id: '4846d03248339736bb1384bfb62e2a36') in 0.325009 seconds
  Import took 0.332007 seconds .

========================================================================
Received Import Request.
  Time since last request: 0.000255 seconds.
  path: Assets/Prefabs/Miltary Assets/Meshes/Military Base/SM_Warehouse02_3.FBX
  artifactKey: Guid(d4e26dd3c77914a4c9b2cef0ebda7d5a) Importer(815301076,1909f56bfc062723c751e8b465ee728b)
Start importing Assets/Prefabs/Miltary Assets/Meshes/Military Base/SM_Warehouse02_3.FBX using Guid(d4e26dd3c77914a4c9b2cef0ebda7d5a) Importer(815301076,1909f56bfc062723c751e8b465ee728b)  -> (artifact id: '9e37004616f2d19ed653564b7feed1ef') in 3.383572 seconds
  Import took 3.415433 seconds .

========================================================================
Received Import Request.
  Time since last request: 0.000538 seconds.
  path: Assets/Prefabs/Miltary Assets/Meshes/Military Base/SM_BarrierSand01_3.FBX
  artifactKey: Guid(467dd3c8030693b48ac9cefd25dad6fa) Importer(815301076,1909f56bfc062723c751e8b465ee728b)
Start importing Assets/Prefabs/Miltary Assets/Meshes/Military Base/SM_BarrierSand01_3.FBX using Guid(467dd3c8030693b48ac9cefd25dad6fa) Importer(815301076,1909f56bfc062723c751e8b465ee728b)  -> (artifact id: 'fb2fc8425a7f888940e37dca18d9fc4f') in 1.842256 seconds
  Import took 2.157722 seconds .

========================================================================
Received Import Request.
  Time since last request: 0.000417 seconds.
  path: Assets/Prefabs/Miltary Assets/Meshes/Military Base/SM_Target01_1.FBX
  artifactKey: Guid(cc8f8fdde848b9b4cb89c01ea8fd553d) Importer(815301076,1909f56bfc062723c751e8b465ee728b)
Start importing Assets/Prefabs/Miltary Assets/Meshes/Military Base/SM_Target01_1.FBX using Guid(cc8f8fdde848b9b4cb89c01ea8fd553d) Importer(815301076,1909f56bfc062723c751e8b465ee728b)  -> (artifact id: 'bbfab01c47470ac18887a9e1a63afd82') in 1.634358 seconds
  Import took 1.664587 seconds .

========================================================================
Received Import Request.
  Time since last request: 0.001158 seconds.
  path: Assets/Prefabs/Miltary Assets/Textures
  artifactKey: Guid(fea191e7ec1aef440996a71828314854) Importer(815301076,1909f56bfc062723c751e8b465ee728b)
Start importing Assets/Prefabs/Miltary Assets/Textures using Guid(fea191e7ec1aef440996a71828314854) Importer(815301076,1909f56bfc062723c751e8b465ee728b)  -> (artifact id: 'f016dc390aea40b016b8f06112e029ec') in 0.019676 seconds
  Import took 0.073119 seconds .

========================================================================
Received Import Request.
  Time since last request: 0.000359 seconds.
  path: Assets/Prefabs/Miltary Assets/Meshes/Military Base/SM_Warehouse02_6.FBX
  artifactKey: Guid(084f003aaee2192468e59f4a1f4de1ce) Importer(815301076,1909f56bfc062723c751e8b465ee728b)
Start importing Assets/Prefabs/Miltary Assets/Meshes/Military Base/SM_Warehouse02_6.FBX using Guid(084f003aaee2192468e59f4a1f4de1ce) Importer(815301076,1909f56bfc062723c751e8b465ee728b)  -> (artifact id: '69c2c3b015bd9e8bd8b1e70f5bd08fe5') in 2.623252 seconds
  Import took 2.679045 seconds .

========================================================================
Received Import Request.
  Time since last request: 0.000519 seconds.
  path: Assets/Prefabs/Miltary Assets/Meshes/Military Base/SM_Sign01_2.FBX
  artifactKey: Guid(c224bf236d64d4b42a11c65c2ee27c6e) Importer(815301076,1909f56bfc062723c751e8b465ee728b)
Start importing Assets/Prefabs/Miltary Assets/Meshes/Military Base/SM_Sign01_2.FBX using Guid(c224bf236d64d4b42a11c65c2ee27c6e) Importer(815301076,1909f56bfc062723c751e8b465ee728b)  -> (artifact id: 'ec5a2593dd328e3d75d37dc1e2f2615e') in 0.351416 seconds
  Import took 0.587848 seconds .

========================================================================
Received Import Request.
  Time since last request: 0.000321 seconds.
  path: Assets/Prefabs/Miltary Assets/Meshes/Military Base/SM_Crate04_5.FBX
  artifactKey: Guid(f18860602a3fd514382ed40f1972cbe8) Importer(815301076,1909f56bfc062723c751e8b465ee728b)
Start importing Assets/Prefabs/Miltary Assets/Meshes/Military Base/SM_Crate04_5.FBX using Guid(f18860602a3fd514382ed40f1972cbe8) Importer(815301076,1909f56bfc062723c751e8b465ee728b)  -> (artifact id: '69e0e60ece2dec617e8afe88a148ed83') in 0.491057 seconds
  Import took 0.502201 seconds .

========================================================================
Received Import Request.
  Time since last request: 0.000314 seconds.
  path: Assets/Prefabs/Miltary Assets/Meshes/Military Base/SM_StorageCase01.FBX
  artifactKey: Guid(70733cb8baa345241ae13c8534cb19a7) Importer(815301076,1909f56bfc062723c751e8b465ee728b)
Start importing Assets/Prefabs/Miltary Assets/Meshes/Military Base/SM_StorageCase01.FBX using Guid(70733cb8baa345241ae13c8534cb19a7) Importer(815301076,1909f56bfc062723c751e8b465ee728b)  -> (artifact id: '435c5894abe9cfde815393313aaabf76') in 0.363168 seconds
  Import took 0.395755 seconds .

========================================================================
Received Import Request.
  Time since last request: 0.000477 seconds.
  path: Assets/Prefabs/Miltary Assets/Meshes/Military Base/SM_Crate04_1.FBX
  artifactKey: Guid(7bca68cd25c856e4782d47b78e3b48ef) Importer(815301076,1909f56bfc062723c751e8b465ee728b)
Start importing Assets/Prefabs/Miltary Assets/Meshes/Military Base/SM_Crate04_1.FBX using Guid(7bca68cd25c856e4782d47b78e3b48ef) Importer(815301076,1909f56bfc062723c751e8b465ee728b)  -> (artifact id: '715028cb438683dbf69bcd26981c0088') in 0.452188 seconds
  Import took 0.518452 seconds .

========================================================================
Received Import Request.
  Time since last request: 0.000307 seconds.
  path: Assets/Prefabs/XR Rig.prefab
  artifactKey: Guid(1a1bfe1d674305e46a0b9a5ae32b5b17) Importer(815301076,1909f56bfc062723c751e8b465ee728b)
Start importing Assets/Prefabs/XR Rig.prefab using Guid(1a1bfe1d674305e46a0b9a5ae32b5b17) Importer(815301076,1909f56bfc062723c751e8b465ee728b)  -> (artifact id: 'e9928232ffad768923d0adf697bac9a8') in 0.131452 seconds
  Import took 0.170682 seconds .

========================================================================
Received Import Request.
  Time since last request: 0.000254 seconds.
  path: Assets/Prefabs/Miltary Assets/Meshes/Military Base/SM_SandWall01_2.FBX
  artifactKey: Guid(fced1441952b28c429026956c23cbe45) Importer(815301076,1909f56bfc062723c751e8b465ee728b)
Start importing Assets/Prefabs/Miltary Assets/Meshes/Military Base/SM_SandWall01_2.FBX using Guid(fced1441952b28c429026956c23cbe45) Importer(815301076,1909f56bfc062723c751e8b465ee728b)  -> (artifact id: 'f90a38f0f80c9422996f1935d194c27c') in 1.681415 seconds
  Import took 1.720776 seconds .

========================================================================
Received Import Request.
  Time since last request: 0.000656 seconds.
  path: Assets/Prefabs/Miltary Assets/Meshes/Military Base/SM_Target01_3.FBX
  artifactKey: Guid(71abe927141132246800858556a1f65d) Importer(815301076,1909f56bfc062723c751e8b465ee728b)
Start importing Assets/Prefabs/Miltary Assets/Meshes/Military Base/SM_Target01_3.FBX using Guid(71abe927141132246800858556a1f65d) Importer(815301076,1909f56bfc062723c751e8b465ee728b)  -> (artifact id: '81f9c26f62bddaaf7b7c554ed753678f') in 1.559925 seconds
  Import took 1.647544 seconds .

========================================================================
Received Import Request.
  Time since last request: 0.000345 seconds.
  path: Assets/Prefabs/Miltary Assets/Meshes/Military Base/SM_Chair02_1.FBX
  artifactKey: Guid(0c71347ad9a153944b46175ce5b344d3) Importer(815301076,1909f56bfc062723c751e8b465ee728b)
Start importing Assets/Prefabs/Miltary Assets/Meshes/Military Base/SM_Chair02_1.FBX using Guid(0c71347ad9a153944b46175ce5b344d3) Importer(815301076,1909f56bfc062723c751e8b465ee728b)  -> (artifact id: '895dbb52f5c8a5ad51eb41db473bbbf2') in 1.062679 seconds
  Import took 1.182147 seconds .

========================================================================
Received Import Request.
  Time since last request: 0.000548 seconds.
  path: Assets/Prefabs/Miltary Assets/Meshes/Military Base/SM_Helipad01.FBX
  artifactKey: Guid(187c2aefe68ef344bb155c42cc45296f) Importer(815301076,1909f56bfc062723c751e8b465ee728b)
Start importing Assets/Prefabs/Miltary Assets/Meshes/Military Base/SM_Helipad01.FBX using Guid(187c2aefe68ef344bb155c42cc45296f) Importer(815301076,1909f56bfc062723c751e8b465ee728b)  -> (artifact id: 'baa14d1cd59dca320f7cb5d8aafed46d') in 1.584313 seconds
  Import took 1.619249 seconds .

========================================================================
Received Import Request.
  Time since last request: 0.000456 seconds.
  path: Assets/Prefabs/Miltary Assets/Meshes/Military Base/SM_ContainerStairs01.FBX
  artifactKey: Guid(157ecc7a7b90be34fb787b2e49d98753) Importer(815301076,1909f56bfc062723c751e8b465ee728b)
Start importing Assets/Prefabs/Miltary Assets/Meshes/Military Base/SM_ContainerStairs01.FBX using Guid(157ecc7a7b90be34fb787b2e49d98753) Importer(815301076,1909f56bfc062723c751e8b465ee728b)  -> (artifact id: 'd1171b1144bb513b9f3d8796655683ee') in 1.495491 seconds
  Import took 1.791114 seconds .

========================================================================
Received Import Request.
  Time since last request: 0.000274 seconds.
  path: Assets/Prefabs/Miltary Assets/Meshes/Military Base/SM_Warehouse02_1.FBX
  artifactKey: Guid(c8ba6569144af4e4893f7a05236ff253) Importer(815301076,1909f56bfc062723c751e8b465ee728b)
Start importing Assets/Prefabs/Miltary Assets/Meshes/Military Base/SM_Warehouse02_1.FBX using Guid(c8ba6569144af4e4893f7a05236ff253) Importer(815301076,1909f56bfc062723c751e8b465ee728b)  -> (artifact id: '09e6925ce5b34a135e29c916acc2c2ae') in 3.239697 seconds
  Import took 3.387595 seconds .

========================================================================
Received Import Request.
  Time since last request: 0.000441 seconds.
  path: Assets/Prefabs/Miltary Assets/Meshes/Military Base/SM_Crate03_3.FBX
  artifactKey: Guid(631f230aba1dddc4a8b53ca7b2bdb765) Importer(815301076,1909f56bfc062723c751e8b465ee728b)
Start importing Assets/Prefabs/Miltary Assets/Meshes/Military Base/SM_Crate03_3.FBX using Guid(631f230aba1dddc4a8b53ca7b2bdb765) Importer(815301076,1909f56bfc062723c751e8b465ee728b)  -> (artifact id: '600bdf0fea0aa7f99ec3393956367825') in 2.909839 seconds
  Import took 2.936773 seconds .

========================================================================
Received Import Request.
  Time since last request: 0.000406 seconds.
  path: Assets/Prefabs/Miltary Assets/Meshes/Military Base/SM_Target01_2.FBX
  artifactKey: Guid(d09df1cac776ac04da0d838327e1f451) Importer(815301076,1909f56bfc062723c751e8b465ee728b)
Start importing Assets/Prefabs/Miltary Assets/Meshes/Military Base/SM_Target01_2.FBX using Guid(d09df1cac776ac04da0d838327e1f451) Importer(815301076,1909f56bfc062723c751e8b465ee728b)  -> (artifact id: 'b56a56ba7ec544264b5349d7b6fbe61a') in 1.275406 seconds
  Import took 1.325361 seconds .

========================================================================
Received Import Request.
  Time since last request: 0.000251 seconds.
  path: Assets/Prefabs/Miltary Assets/Meshes/Military Base/SM_Warehouse01_5.FBX
  artifactKey: Guid(f2ae4875ac2654e4d87349e60761523a) Importer(815301076,1909f56bfc062723c751e8b465ee728b)
Start importing Assets/Prefabs/Miltary Assets/Meshes/Military Base/SM_Warehouse01_5.FBX using Guid(f2ae4875ac2654e4d87349e60761523a) Importer(815301076,1909f56bfc062723c751e8b465ee728b)  -> (artifact id: '886e103259c404e214901a542cb4b26f') in 2.301015 seconds
  Import took 2.322509 seconds .

========================================================================
Received Import Request.
  Time since last request: 0.000475 seconds.
  path: Assets/Prefabs/Miltary Assets/Meshes/Military Base/SM_Warehouse01_4.FBX
  artifactKey: Guid(62cf607c63716b44a91a22af0b69e942) Importer(815301076,1909f56bfc062723c751e8b465ee728b)
Start importing Assets/Prefabs/Miltary Assets/Meshes/Military Base/SM_Warehouse01_4.FBX using Guid(62cf607c63716b44a91a22af0b69e942) Importer(815301076,1909f56bfc062723c751e8b465ee728b)  -> (artifact id: 'e396de8b69febfda6e48db9023b93bff') in 2.171062 seconds
  Import took 2.224143 seconds .

========================================================================
Received Import Request.
  Time since last request: 0.000373 seconds.
  path: Assets/Prefabs/Miltary Assets/Meshes/Military Base/SM_TowerLight01B_1.FBX
  artifactKey: Guid(d5f8369922d645f42acab9abdafe3d18) Importer(815301076,1909f56bfc062723c751e8b465ee728b)
Start importing Assets/Prefabs/Miltary Assets/Meshes/Military Base/SM_TowerLight01B_1.FBX using Guid(d5f8369922d645f42acab9abdafe3d18) Importer(815301076,1909f56bfc062723c751e8b465ee728b)  -> (artifact id: '1fa811d3bc566758391a98d9bcd00fb2') in 1.429341 seconds
  Import took 1.965527 seconds .

========================================================================
Received Import Request.
  Time since last request: 0.000387 seconds.
  path: Assets/Prefabs/Miltary Assets/Meshes/Military Base/SM_Warehouse01_2.FBX
  artifactKey: Guid(4f7b5a07dec64814db063af1f14b8957) Importer(815301076,1909f56bfc062723c751e8b465ee728b)
Start importing Assets/Prefabs/Miltary Assets/Meshes/Military Base/SM_Warehouse01_2.FBX using Guid(4f7b5a07dec64814db063af1f14b8957) Importer(815301076,1909f56bfc062723c751e8b465ee728b)  -> (artifact id: 'da0ef6cf50697e70642d632075a50dc4') in 3.399822 seconds
  Import took 3.529734 seconds .

========================================================================
Received Import Request.
  Time since last request: 0.000564 seconds.
  path: Assets/Prefabs/Miltary Assets/Meshes/Military Base/SM_Warehouse02_5.FBX
  artifactKey: Guid(c06c32f10b3827049bc40e6d4574d59c) Importer(815301076,1909f56bfc062723c751e8b465ee728b)
Start importing Assets/Prefabs/Miltary Assets/Meshes/Military Base/SM_Warehouse02_5.FBX using Guid(c06c32f10b3827049bc40e6d4574d59c) Importer(815301076,1909f56bfc062723c751e8b465ee728b)  -> (artifact id: 'aef957ef2f7c8159c5dc2286dff5494f') in 2.238934 seconds
  Import took 2.249191 seconds .

========================================================================
Received Import Request.
  Time since last request: 0.000304 seconds.
  path: Assets/Prefabs/Miltary Assets/Meshes/Military Base/SM_HorizontalBar01_2.FBX
  artifactKey: Guid(fdf31250db5f8da4590871c46307b385) Importer(815301076,1909f56bfc062723c751e8b465ee728b)
Start importing Assets/Prefabs/Miltary Assets/Meshes/Military Base/SM_HorizontalBar01_2.FBX using Guid(fdf31250db5f8da4590871c46307b385) Importer(815301076,1909f56bfc062723c751e8b465ee728b)  -> (artifact id: 'ee204542701b5c9e3f4ee94cabe5eb42') in 0.937028 seconds
  Import took 1.025121 seconds .

========================================================================
Received Import Request.
  Time since last request: 0.000332 seconds.
  path: Assets/Prefabs/Miltary Assets/Meshes/Military Base/SM_WarehouseShelves01_3.FBX
  artifactKey: Guid(e126132b4ea958f4f8ca1f6f2d32f6df) Importer(815301076,1909f56bfc062723c751e8b465ee728b)
Start importing Assets/Prefabs/Miltary Assets/Meshes/Military Base/SM_WarehouseShelves01_3.FBX using Guid(e126132b4ea958f4f8ca1f6f2d32f6df) Importer(815301076,1909f56bfc062723c751e8b465ee728b)  -> (artifact id: '660b40a237383d450af4a2207387cce1') in 0.977297 seconds
  Import took 1.062061 seconds .

========================================================================
Received Import Request.
  Time since last request: 0.000282 seconds.
  path: Assets/Prefabs/Miltary Assets/Meshes/Military Base/SM_BarrierSand01_4.FBX
  artifactKey: Guid(893f89726952ac047a2ad7901215437b) Importer(815301076,1909f56bfc062723c751e8b465ee728b)
Start importing Assets/Prefabs/Miltary Assets/Meshes/Military Base/SM_BarrierSand01_4.FBX using Guid(893f89726952ac047a2ad7901215437b) Importer(815301076,1909f56bfc062723c751e8b465ee728b)  -> (artifact id: 'c16a26ec108503cdaf0b77c176c69ad6') in 1.385433 seconds
  Import took 1.459440 seconds .

========================================================================
Received Import Request.
  Time since last request: 0.000405 seconds.
  path: Assets/Prefabs/Miltary Assets/Meshes/Military Base/SM_Target01_6.FBX
  artifactKey: Guid(5661fae3439020c4bbb71d126273d14b) Importer(815301076,1909f56bfc062723c751e8b465ee728b)
Start importing Assets/Prefabs/Miltary Assets/Meshes/Military Base/SM_Target01_6.FBX using Guid(5661fae3439020c4bbb71d126273d14b) Importer(815301076,1909f56bfc062723c751e8b465ee728b)  -> (artifact id: '69328294016fd02731e9cb473ac548a0') in 1.435016 seconds
  Import took 1.462138 seconds .

========================================================================
Received Import Request.
  Time since last request: 0.000461 seconds.
  path: Assets/Prefabs/Miltary Assets/Meshes/Military Base/SM_Target01_7.FBX
  artifactKey: Guid(224187bd691b972469e445a6d3b11da9) Importer(815301076,1909f56bfc062723c751e8b465ee728b)
Start importing Assets/Prefabs/Miltary Assets/Meshes/Military Base/SM_Target01_7.FBX using Guid(224187bd691b972469e445a6d3b11da9) Importer(815301076,1909f56bfc062723c751e8b465ee728b)  -> (artifact id: '3d63a54c0b5f1c62b15affdc1c9b20f0') in 1.561329 seconds
  Import took 1.615143 seconds .

========================================================================
Received Import Request.
  Time since last request: 0.000456 seconds.
  path: Assets/Prefabs/Miltary Assets/Meshes/Military Base/SM_BarrierSand01_2.FBX
  artifactKey: Guid(4f8bebb4cedd5ce4c9bba73863b44601) Importer(815301076,1909f56bfc062723c751e8b465ee728b)
Start importing Assets/Prefabs/Miltary Assets/Meshes/Military Base/SM_BarrierSand01_2.FBX using Guid(4f8bebb4cedd5ce4c9bba73863b44601) Importer(815301076,1909f56bfc062723c751e8b465ee728b)  -> (artifact id: '961b23846a3fe3a6eb9df687fd80eac5') in 2.504696 seconds
  Import took 2.598526 seconds .

========================================================================
Received Import Request.
  Time since last request: 0.000403 seconds.
  path: Assets/Prefabs/Miltary Assets/Meshes/Military Base/SM_Tires01_3.FBX
  artifactKey: Guid(9001b77a17541254086866fff93157ed) Importer(815301076,1909f56bfc062723c751e8b465ee728b)
Start importing Assets/Prefabs/Miltary Assets/Meshes/Military Base/SM_Tires01_3.FBX using Guid(9001b77a17541254086866fff93157ed) Importer(815301076,1909f56bfc062723c751e8b465ee728b)  -> (artifact id: '7a40fb9e43cbce7bb51738203db9acec') in 0.454877 seconds
  Import took 0.498139 seconds .

========================================================================
Received Import Request.
  Time since last request: 0.000342 seconds.
  path: Assets/Prefabs/Miltary Assets/Meshes/Military Base/SM_Chair02_2.FBX
  artifactKey: Guid(3cd2bf9b8b0a1db4b95323f96028e5a5) Importer(815301076,1909f56bfc062723c751e8b465ee728b)
Start importing Assets/Prefabs/Miltary Assets/Meshes/Military Base/SM_Chair02_2.FBX using Guid(3cd2bf9b8b0a1db4b95323f96028e5a5) Importer(815301076,1909f56bfc062723c751e8b465ee728b)  -> (artifact id: '22462a8371c54803aaac345e1847155c') in 0.466815 seconds
  Import took 0.589526 seconds .

========================================================================
Received Import Request.
  Time since last request: 0.000381 seconds.
  path: Assets/Prefabs/Miltary Assets/Meshes/Military Base/SM_Tires01_1.FBX
  artifactKey: Guid(92d4b70791e634b44bc43d9c7d56e33c) Importer(815301076,1909f56bfc062723c751e8b465ee728b)
Start importing Assets/Prefabs/Miltary Assets/Meshes/Military Base/SM_Tires01_1.FBX using Guid(92d4b70791e634b44bc43d9c7d56e33c) Importer(815301076,1909f56bfc062723c751e8b465ee728b)  -> (artifact id: '0dda9529261f93cb5f1a7263d1a6f578') in 0.518246 seconds
  Import took 0.597875 seconds .

========================================================================
Received Import Request.
  Time since last request: 0.000364 seconds.
  path: Assets/Prefabs/Miltary Assets/Meshes/Military Base/SM_Tires01_2.FBX
  artifactKey: Guid(6e61222a247077943a19e0f1f9cfa866) Importer(815301076,1909f56bfc062723c751e8b465ee728b)
Start importing Assets/Prefabs/Miltary Assets/Meshes/Military Base/SM_Tires01_2.FBX using Guid(6e61222a247077943a19e0f1f9cfa866) Importer(815301076,1909f56bfc062723c751e8b465ee728b)  -> (artifact id: '9209858c99528be382eac55867c30432') in 0.452248 seconds
  Import took 0.720817 seconds .

========================================================================
Received Import Request.
  Time since last request: 0.000352 seconds.
  path: Assets/Prefabs/Miltary Assets/Meshes/Military Base/SM_TrailerGenerator01_1.FBX
  artifactKey: Guid(da9518719f7a1234798808eda1712fc5) Importer(815301076,1909f56bfc062723c751e8b465ee728b)
Start importing Assets/Prefabs/Miltary Assets/Meshes/Military Base/SM_TrailerGenerator01_1.FBX using Guid(da9518719f7a1234798808eda1712fc5) Importer(815301076,1909f56bfc062723c751e8b465ee728b)  -> (artifact id: '91498ec8c12da03401ce6ff4ca82f639') in 1.586030 seconds
  Import took 1.639529 seconds .

========================================================================
Received Import Request.
  Time since last request: 0.000315 seconds.
  path: Assets/Prefabs/Miltary Assets/Meshes/Military Base/SM_Target01_4.FBX
  artifactKey: Guid(ceae5d16befbd4a47a4362d0b1b13601) Importer(815301076,1909f56bfc062723c751e8b465ee728b)
Start importing Assets/Prefabs/Miltary Assets/Meshes/Military Base/SM_Target01_4.FBX using Guid(ceae5d16befbd4a47a4362d0b1b13601) Importer(815301076,1909f56bfc062723c751e8b465ee728b)  -> (artifact id: 'b46105e741da51969ccb1293deb1e8f4') in 1.609170 seconds
  Import took 1.637597 seconds .

========================================================================
Received Import Request.
  Time since last request: 0.000280 seconds.
  path: Assets/Prefabs/Miltary Assets/Meshes/Military Base/SM_TacticalWall01_1.FBX
  artifactKey: Guid(06abb51b3b473104789665aa47593ddf) Importer(815301076,1909f56bfc062723c751e8b465ee728b)
Start importing Assets/Prefabs/Miltary Assets/Meshes/Military Base/SM_TacticalWall01_1.FBX using Guid(06abb51b3b473104789665aa47593ddf) Importer(815301076,1909f56bfc062723c751e8b465ee728b)  -> (artifact id: '41440b39522fa08ecc741ec47ea28cda') in 1.605557 seconds
  Import took 1.953902 seconds .

========================================================================
Received Import Request.
  Time since last request: 0.001780 seconds.
  path: Assets/Prefabs/Miltary Assets/Meshes/Military Base/SM_Bed01_1.FBX
  artifactKey: Guid(1e21763c0c0c953459614cea8ab9a14b) Importer(815301076,1909f56bfc062723c751e8b465ee728b)
Start importing Assets/Prefabs/Miltary Assets/Meshes/Military Base/SM_Bed01_1.FBX using Guid(1e21763c0c0c953459614cea8ab9a14b) Importer(815301076,1909f56bfc062723c751e8b465ee728b)  -> (artifact id: '469e3bcbe8eef2a28151bd7a8e5cb98e') in 0.948665 seconds
  Import took 1.121446 seconds .

========================================================================
Received Import Request.
  Time since last request: 0.000687 seconds.
  path: Assets/Prefabs/Miltary Assets/Meshes/Military Base/SM_Target01_5.FBX
  artifactKey: Guid(e51a71a1d9c70a045a13c15d929fa207) Importer(815301076,1909f56bfc062723c751e8b465ee728b)
Start importing Assets/Prefabs/Miltary Assets/Meshes/Military Base/SM_Target01_5.FBX using Guid(e51a71a1d9c70a045a13c15d929fa207) Importer(815301076,1909f56bfc062723c751e8b465ee728b)  -> (artifact id: '7a35012925f5272aae911ccc0263a207') in 1.698695 seconds
  Import took 1.708554 seconds .

========================================================================
Received Import Request.
  Time since last request: 0.000319 seconds.
  path: Assets/Prefabs/Miltary Assets/Meshes/Military Base/SM_TacticalWall01_2.FBX
  artifactKey: Guid(1529b3c9ac1e14b4b9babadf31761ec3) Importer(815301076,1909f56bfc062723c751e8b465ee728b)
Start importing Assets/Prefabs/Miltary Assets/Meshes/Military Base/SM_TacticalWall01_2.FBX using Guid(1529b3c9ac1e14b4b9babadf31761ec3) Importer(815301076,1909f56bfc062723c751e8b465ee728b)  -> (artifact id: 'cecba2f8e48f9a03eec104cafcb13537') in 1.279119 seconds
  Import took 1.369370 seconds .

========================================================================
Received Import Request.
  Time since last request: 0.000260 seconds.
  path: Assets/Prefabs/Miltary Assets/Meshes/Military Base/SM_Container01_3.FBX
  artifactKey: Guid(c2bc88361f4905542bad0d861929e38f) Importer(815301076,1909f56bfc062723c751e8b465ee728b)
Start importing Assets/Prefabs/Miltary Assets/Meshes/Military Base/SM_Container01_3.FBX using Guid(c2bc88361f4905542bad0d861929e38f) Importer(815301076,1909f56bfc062723c751e8b465ee728b)  -> (artifact id: '63a98023ad0a4892ae84d2274396cf04') in 1.259920 seconds
  Import took 1.783253 seconds .

========================================================================
Received Import Request.
  Time since last request: 0.000316 seconds.
  path: Assets/Prefabs/Miltary Assets/Meshes/Military Base/SM_TrailerGenerator01_2.FBX
  artifactKey: Guid(207200cef628600478c5db2ee65536c0) Importer(815301076,1909f56bfc062723c751e8b465ee728b)
Start importing Assets/Prefabs/Miltary Assets/Meshes/Military Base/SM_TrailerGenerator01_2.FBX using Guid(207200cef628600478c5db2ee65536c0) Importer(815301076,1909f56bfc062723c751e8b465ee728b)  -> (artifact id: 'fc4e6f44d9d6c684d701c65fb5ee532c') in 1.315442 seconds
  Import took 1.375570 seconds .

========================================================================
Received Import Request.
  Time since last request: 0.000325 seconds.
  path: Assets/Prefabs/Miltary Assets/Meshes/Military Base/SM_Warehouse01_3.FBX
  artifactKey: Guid(d44d5cb214de7fe47b33ac3d37e4f53c) Importer(815301076,1909f56bfc062723c751e8b465ee728b)
Start importing Assets/Prefabs/Miltary Assets/Meshes/Military Base/SM_Warehouse01_3.FBX using Guid(d44d5cb214de7fe47b33ac3d37e4f53c) Importer(815301076,1909f56bfc062723c751e8b465ee728b)  -> (artifact id: '9cb412aa7aa75b91538ed6ff743e9d61') in 2.605904 seconds
  Import took 2.691461 seconds .

========================================================================
Received Import Request.
  Time since last request: 0.000284 seconds.
  path: Assets/Prefabs/Miltary Assets/Meshes/Military Base/SM_Crate03_1.FBX
  artifactKey: Guid(3ec228eae82d89042baf1fa16dfad679) Importer(815301076,1909f56bfc062723c751e8b465ee728b)
Start importing Assets/Prefabs/Miltary Assets/Meshes/Military Base/SM_Crate03_1.FBX using Guid(3ec228eae82d89042baf1fa16dfad679) Importer(815301076,1909f56bfc062723c751e8b465ee728b)  -> (artifact id: '389d32a6a5ab3c34ec3cf993747161a1') in 1.479127 seconds
  Import took 1.489610 seconds .

========================================================================
Received Import Request.
  Time since last request: 0.000378 seconds.
  path: Assets/Prefabs/Miltary Assets/Meshes/Military Base/SM_BarrierConcrete02_4.FBX
  artifactKey: Guid(61e3699e5d047474399fd3d50ec2e83b) Importer(815301076,1909f56bfc062723c751e8b465ee728b)
Start importing Assets/Prefabs/Miltary Assets/Meshes/Military Base/SM_BarrierConcrete02_4.FBX using Guid(61e3699e5d047474399fd3d50ec2e83b) Importer(815301076,1909f56bfc062723c751e8b465ee728b)  -> (artifact id: 'ac69fc382743caa98f75a1a90626c022') in 1.461865 seconds
  Import took 1.585575 seconds .

========================================================================
Received Import Request.
  Time since last request: 0.000318 seconds.
  path: Assets/Prefabs/Miltary Assets/Meshes/Military Base/SM_Bed01_2.FBX
  artifactKey: Guid(cffb49c5432fad44dbef8646a2e75244) Importer(815301076,1909f56bfc062723c751e8b465ee728b)
Start importing Assets/Prefabs/Miltary Assets/Meshes/Military Base/SM_Bed01_2.FBX using Guid(cffb49c5432fad44dbef8646a2e75244) Importer(815301076,1909f56bfc062723c751e8b465ee728b)  -> (artifact id: '52f4502844ddb0aac100b1c59a6f79b6') in 0.418769 seconds
  Import took 0.832230 seconds .

========================================================================
Received Import Request.
  Time since last request: 0.000260 seconds.
  path: Assets/Prefabs/Miltary Assets/Meshes/Military Base/SM_Container01_2.FBX
  artifactKey: Guid(77f53e4435fe991428b0ddbc248910f8) Importer(815301076,1909f56bfc062723c751e8b465ee728b)
Start importing Assets/Prefabs/Miltary Assets/Meshes/Military Base/SM_Container01_2.FBX using Guid(77f53e4435fe991428b0ddbc248910f8) Importer(815301076,1909f56bfc062723c751e8b465ee728b)  -> (artifact id: '700afd0fcd39ddbb976af40fadb5c608') in 1.409035 seconds
  Import took 1.513826 seconds .

========================================================================
Received Import Request.
  Time since last request: 0.000257 seconds.
  path: Assets/Prefabs/Miltary Assets/Meshes/Military Base/SM_Tent01_1.FBX
  artifactKey: Guid(d70e34902d6e6d0429611c15b4c8c339) Importer(815301076,1909f56bfc062723c751e8b465ee728b)
Start importing Assets/Prefabs/Miltary Assets/Meshes/Military Base/SM_Tent01_1.FBX using Guid(d70e34902d6e6d0429611c15b4c8c339) Importer(815301076,1909f56bfc062723c751e8b465ee728b)  -> (artifact id: '6f49b75c2b0d5f6f16a2ff7336d0baf6') in 1.195833 seconds
  Import took 1.291013 seconds .

========================================================================
Received Import Request.
  Time since last request: 0.000245 seconds.
  path: Assets/Prefabs/Miltary Assets/Meshes/Military Base/SM_TowerLight01A_1.FBX
  artifactKey: Guid(eaf6bcf42cfde384c8ec12b633531ca1) Importer(815301076,1909f56bfc062723c751e8b465ee728b)
Start importing Assets/Prefabs/Miltary Assets/Meshes/Military Base/SM_TowerLight01A_1.FBX using Guid(eaf6bcf42cfde384c8ec12b633531ca1) Importer(815301076,1909f56bfc062723c751e8b465ee728b)  -> (artifact id: 'f6f7362033e07b0933b9fab277d2828d') in 1.468627 seconds
  Import took 1.557495 seconds .

========================================================================
Received Import Request.
  Time since last request: 0.000265 seconds.
  path: Assets/Prefabs/Miltary Assets/Meshes/Military Base/SM_Crate02_2.FBX
  artifactKey: Guid(0881916b9112c9849ba19b64bd957257) Importer(815301076,1909f56bfc062723c751e8b465ee728b)
Start importing Assets/Prefabs/Miltary Assets/Meshes/Military Base/SM_Crate02_2.FBX using Guid(0881916b9112c9849ba19b64bd957257) Importer(815301076,1909f56bfc062723c751e8b465ee728b)  -> (artifact id: '85f65b582bc2cd5810b3bedca8c7d586') in 1.325188 seconds
  Import took 1.430081 seconds .

========================================================================
Received Import Request.
  Time since last request: 0.000457 seconds.
  path: Assets/Prefabs/Miltary Assets/Meshes/Military Base/SM_SandWall01_1.FBX
  artifactKey: Guid(5aa38a67b1aacac42990e37736a9c55c) Importer(815301076,1909f56bfc062723c751e8b465ee728b)
Start importing Assets/Prefabs/Miltary Assets/Meshes/Military Base/SM_SandWall01_1.FBX using Guid(5aa38a67b1aacac42990e37736a9c55c) Importer(815301076,1909f56bfc062723c751e8b465ee728b)  -> (artifact id: '2158f8142d622edcb1a8f03080a6defb') in 1.545027 seconds
  Import took 1.670809 seconds .

========================================================================
Received Import Request.
  Time since last request: 0.000324 seconds.
  path: Assets/Prefabs/Miltary Assets/Meshes/Military Base/SM_TacticalWall01_5.FBX
  artifactKey: Guid(c4854552a7ab5ad44a9cbe904c2ca878) Importer(815301076,1909f56bfc062723c751e8b465ee728b)
Start importing Assets/Prefabs/Miltary Assets/Meshes/Military Base/SM_TacticalWall01_5.FBX using Guid(c4854552a7ab5ad44a9cbe904c2ca878) Importer(815301076,1909f56bfc062723c751e8b465ee728b)  -> (artifact id: 'ef052d5a6a36ebad84b6f2eb693d1162') in 1.255777 seconds
  Import took 1.312819 seconds .

========================================================================
Received Import Request.
  Time since last request: 0.000241 seconds.
  path: Assets/Prefabs/Miltary Assets/Meshes/Military Base/SM_FuelTank01.FBX
  artifactKey: Guid(c12013254a43ebd4bb11a66bb5af197a) Importer(815301076,1909f56bfc062723c751e8b465ee728b)
Start importing Assets/Prefabs/Miltary Assets/Meshes/Military Base/SM_FuelTank01.FBX using Guid(c12013254a43ebd4bb11a66bb5af197a) Importer(815301076,1909f56bfc062723c751e8b465ee728b)  -> (artifact id: 'c90fb2f9831bdec699f518d36f2a5d41') in 1.666945 seconds
  Import took 1.895509 seconds .

========================================================================
Received Import Request.
  Time since last request: 0.000292 seconds.
  path: Assets/Prefabs/Miltary Assets/Meshes/Military Base/SM_TacticalWall01_6.FBX
  artifactKey: Guid(b49618560cabd7f4ba0c81eee6004fd5) Importer(815301076,1909f56bfc062723c751e8b465ee728b)
Start importing Assets/Prefabs/Miltary Assets/Meshes/Military Base/SM_TacticalWall01_6.FBX using Guid(b49618560cabd7f4ba0c81eee6004fd5) Importer(815301076,1909f56bfc062723c751e8b465ee728b)  -> (artifact id: '5595bcc806ab5e2717e2446c53047ba7') in 1.542931 seconds
  Import took 1.573040 seconds .

========================================================================
Received Import Request.
  Time since last request: 0.000312 seconds.
  path: Assets/Prefabs/Miltary Assets/Meshes/Military Base/SM_BarrierConcrete03_1.FBX
  artifactKey: Guid(c12a8c3c56e85744facc4381a28e9aed) Importer(815301076,1909f56bfc062723c751e8b465ee728b)
Start importing Assets/Prefabs/Miltary Assets/Meshes/Military Base/SM_BarrierConcrete03_1.FBX using Guid(c12a8c3c56e85744facc4381a28e9aed) Importer(815301076,1909f56bfc062723c751e8b465ee728b)  -> (artifact id: 'd1a04d5b6b26c62aac54a35976753ad0') in 0.422318 seconds
  Import took 0.457813 seconds .

========================================================================
Received Import Request.
  Time since last request: 0.000265 seconds.
  path: Assets/Prefabs/Miltary Assets/Meshes/Military Base/SM_StorageCase03.FBX
  artifactKey: Guid(626460b0956758e4bbff4206dfb3a4f7) Importer(815301076,1909f56bfc062723c751e8b465ee728b)
Start importing Assets/Prefabs/Miltary Assets/Meshes/Military Base/SM_StorageCase03.FBX using Guid(626460b0956758e4bbff4206dfb3a4f7) Importer(815301076,1909f56bfc062723c751e8b465ee728b)  -> (artifact id: '26f6bc6fdbdd155b501785ea50703c6d') in 0.420639 seconds
  Import took 0.657719 seconds .

========================================================================
Received Import Request.
  Time since last request: 0.000264 seconds.
  path: Assets/Prefabs/Miltary Assets/Meshes/Military Base/SM_TacticalWall01_4.FBX
  artifactKey: Guid(ccb580bfb9529144199c69b0f1919153) Importer(815301076,1909f56bfc062723c751e8b465ee728b)
Start importing Assets/Prefabs/Miltary Assets/Meshes/Military Base/SM_TacticalWall01_4.FBX using Guid(ccb580bfb9529144199c69b0f1919153) Importer(815301076,1909f56bfc062723c751e8b465ee728b)  -> (artifact id: '56874e5786a5aa053c1119885993fbcc') in 1.214714 seconds
  Import took 1.251076 seconds .

========================================================================
Received Import Request.
  Time since last request: 0.000554 seconds.
  path: Packages/com.unity.ide.visualstudio/package.json
  artifactKey: Guid(656f74f6edaa396458412b9e3903d8cd) Importer(815301076,1909f56bfc062723c751e8b465ee728b)
Start importing Packages/com.unity.ide.visualstudio/package.json using Guid(656f74f6edaa396458412b9e3903d8cd) Importer(815301076,1909f56bfc062723c751e8b465ee728b)  -> (artifact id: '2fa69ee5d769dcb8c9c64bae1a0430a0') in 0.036586 seconds
  Import took 0.105359 seconds .

========================================================================
Received Import Request.
  Time since last request: 0.000264 seconds.
  path: Assets/Prefabs/Miltary Assets/Meshes/Military Base/SM_Crate01.FBX
  artifactKey: Guid(937f540dd6de4f24c91c30b7ccd1bbd1) Importer(815301076,1909f56bfc062723c751e8b465ee728b)
Start importing Assets/Prefabs/Miltary Assets/Meshes/Military Base/SM_Crate01.FBX using Guid(937f540dd6de4f24c91c30b7ccd1bbd1) Importer(815301076,1909f56bfc062723c751e8b465ee728b)  -> (artifact id: '599e85bd24f60b37e0f0e3cc61cc8aea') in 0.537281 seconds
  Import took 0.593990 seconds .

========================================================================
Received Import Request.
  Time since last request: 0.000378 seconds.
  path: Assets/Prefabs/Miltary Assets/Meshes/Military Base/SM_Crate04_2.FBX
  artifactKey: Guid(840cb735e1552dd4ca4ee1fef8fa16e2) Importer(815301076,1909f56bfc062723c751e8b465ee728b)
Start importing Assets/Prefabs/Miltary Assets/Meshes/Military Base/SM_Crate04_2.FBX using Guid(840cb735e1552dd4ca4ee1fef8fa16e2) Importer(815301076,1909f56bfc062723c751e8b465ee728b)  -> (artifact id: 'e63845bec96c4a8925dfaccc2ccba817') in 0.441355 seconds
  Import took 0.616543 seconds .

========================================================================
Received Import Request.
  Time since last request: 0.000271 seconds.
  path: Assets/Prefabs/Miltary Assets/Meshes/Military Base/SM_Crate04_6.FBX
  artifactKey: Guid(fa687451953ded1458f50b53656d02e2) Importer(815301076,1909f56bfc062723c751e8b465ee728b)
Start importing Assets/Prefabs/Miltary Assets/Meshes/Military Base/SM_Crate04_6.FBX using Guid(fa687451953ded1458f50b53656d02e2) Importer(815301076,1909f56bfc062723c751e8b465ee728b)  -> (artifact id: 'de46777112c4946b5065a635b2961757') in 0.482643 seconds
  Import took 0.626874 seconds .

========================================================================
Received Import Request.
  Time since last request: 0.000333 seconds.
  path: Assets/Prefabs/Miltary Assets/Meshes/Military Base/SM_HorizontalBar01_1.FBX
  artifactKey: Guid(e858aa43858dd8342a810707028ed600) Importer(815301076,1909f56bfc062723c751e8b465ee728b)
Start importing Assets/Prefabs/Miltary Assets/Meshes/Military Base/SM_HorizontalBar01_1.FBX using Guid(e858aa43858dd8342a810707028ed600) Importer(815301076,1909f56bfc062723c751e8b465ee728b)  -> (artifact id: '4e2d3c86bfeaabbfc17fb22f37d024cb') in 0.373784 seconds
  Import took 0.547621 seconds .

========================================================================
Received Import Request.
  Time since last request: 0.002170 seconds.
  path: Assets/Prefabs/Miltary Assets/Meshes/Military Base/SM_Container01_1.FBX
  artifactKey: Guid(c9dff3165f956594ead510888971a154) Importer(815301076,1909f56bfc062723c751e8b465ee728b)
Start importing Assets/Prefabs/Miltary Assets/Meshes/Military Base/SM_Container01_1.FBX using Guid(c9dff3165f956594ead510888971a154) Importer(815301076,1909f56bfc062723c751e8b465ee728b)  -> (artifact id: 'fe37122d6d981da902b29f098b5be1f2') in 1.435197 seconds
  Import took 1.445378 seconds .

========================================================================
Received Import Request.
  Time since last request: 0.000364 seconds.
  path: Assets/Prefabs/Miltary Assets/Meshes/Military Base/SM_Tent02_2.FBX
  artifactKey: Guid(56aed81decf0d954cb2eae130439b00d) Importer(815301076,1909f56bfc062723c751e8b465ee728b)
Start importing Assets/Prefabs/Miltary Assets/Meshes/Military Base/SM_Tent02_2.FBX using Guid(56aed81decf0d954cb2eae130439b00d) Importer(815301076,1909f56bfc062723c751e8b465ee728b)  -> (artifact id: '81b0f7992fd1c2743a9fe34030cd5c34') in 2.915801 seconds
  Import took 3.039792 seconds .

========================================================================
Received Import Request.
  Time since last request: 0.000324 seconds.
  path: Assets/Prefabs/Miltary Assets/Meshes/Military Base/SM_Warehouse02_4.FBX
  artifactKey: Guid(01bc5873db2bfca489f1d7d2fafcc414) Importer(815301076,1909f56bfc062723c751e8b465ee728b)
Start importing Assets/Prefabs/Miltary Assets/Meshes/Military Base/SM_Warehouse02_4.FBX using Guid(01bc5873db2bfca489f1d7d2fafcc414) Importer(815301076,1909f56bfc062723c751e8b465ee728b)  -> (artifact id: 'f5510d60dfd9de6b0a90ea292c36dde5') in 3.885618 seconds
  Import took 3.897702 seconds .

========================================================================
Received Import Request.
  Time since last request: 0.000286 seconds.
  path: Assets/Prefabs/Miltary Assets/Meshes/Military Base/SM_WatchTower01.FBX
  artifactKey: Guid(53c7f6bcebb5c1144b7988d9a3288cd3) Importer(815301076,1909f56bfc062723c751e8b465ee728b)
Start importing Assets/Prefabs/Miltary Assets/Meshes/Military Base/SM_WatchTower01.FBX using Guid(53c7f6bcebb5c1144b7988d9a3288cd3) Importer(815301076,1909f56bfc062723c751e8b465ee728b)  -> (artifact id: 'fb6daa4bdb308df75b59ba9c0b6a42a5') in 1.395792 seconds
  Import took 1.406588 seconds .

========================================================================
Received Import Request.
  Time since last request: 0.000304 seconds.
  path: Assets/Prefabs/Miltary Assets/Meshes/Military Base/SM_StorageCase02_1.FBX
  artifactKey: Guid(f5bef698ba02744478f33a7067228af2) Importer(815301076,1909f56bfc062723c751e8b465ee728b)
Start importing Assets/Prefabs/Miltary Assets/Meshes/Military Base/SM_StorageCase02_1.FBX using Guid(f5bef698ba02744478f33a7067228af2) Importer(815301076,1909f56bfc062723c751e8b465ee728b)  -> (artifact id: '8ab147ae284525e759d78cf9e02d233c') in 0.384504 seconds
  Import took 0.416399 seconds .

========================================================================
Received Import Request.
  Time since last request: 0.000544 seconds.
  path: Assets/Prefabs/Miltary Assets/Meshes/Military Base/SM_Tent01_2.FBX
  artifactKey: Guid(13371dda59e87e140a9362039d2f0c59) Importer(815301076,1909f56bfc062723c751e8b465ee728b)
Start importing Assets/Prefabs/Miltary Assets/Meshes/Military Base/SM_Tent01_2.FBX using Guid(13371dda59e87e140a9362039d2f0c59) Importer(815301076,1909f56bfc062723c751e8b465ee728b)  -> (artifact id: '0c8be5420f336d483853dfdaace9a5f1') in 2.771891 seconds
  Import took 2.810069 seconds .

========================================================================
Received Import Request.
  Time since last request: 0.000259 seconds.
  path: Assets/Prefabs/Miltary Assets/Meshes/Military Base/SM_Container01_4.FBX
  artifactKey: Guid(8234464858ca58544ae88c7dcc7bf967) Importer(815301076,1909f56bfc062723c751e8b465ee728b)
Start importing Assets/Prefabs/Miltary Assets/Meshes/Military Base/SM_Container01_4.FBX using Guid(8234464858ca58544ae88c7dcc7bf967) Importer(815301076,1909f56bfc062723c751e8b465ee728b)  -> (artifact id: 'e81dc7ea1d800cbbdfe037401b20e9bf') in 1.454566 seconds
  Import took 1.527062 seconds .

========================================================================
Received Import Request.
  Time since last request: 0.000658 seconds.
  path: Assets/Prefabs/Miltary Assets/Meshes/Military Base/SM_Chair01_1.FBX
  artifactKey: Guid(f5cf54a921a06644fbf49d431e987509) Importer(815301076,1909f56bfc062723c751e8b465ee728b)
Start importing Assets/Prefabs/Miltary Assets/Meshes/Military Base/SM_Chair01_1.FBX using Guid(f5cf54a921a06644fbf49d431e987509) Importer(815301076,1909f56bfc062723c751e8b465ee728b)  -> (artifact id: '55f8840dc21b0c99a0345d7fc0e88ef8') in 0.419016 seconds
  Import took 0.429101 seconds .

========================================================================
Received Import Request.
  Time since last request: 0.000286 seconds.
  path: Assets/Prefabs/Miltary Assets/Meshes/Military Base/SM_SandWall01Bag1.FBX
  artifactKey: Guid(c494d1479ce45ea4e904bdd9ab81b8eb) Importer(815301076,1909f56bfc062723c751e8b465ee728b)
Start importing Assets/Prefabs/Miltary Assets/Meshes/Military Base/SM_SandWall01Bag1.FBX using Guid(c494d1479ce45ea4e904bdd9ab81b8eb) Importer(815301076,1909f56bfc062723c751e8b465ee728b)  -> (artifact id: 'bf47ee8a52bcb6a84b6a8da185e5cdd4') in 1.332755 seconds
  Import took 1.393337 seconds .

========================================================================
Received Import Request.
  Time since last request: 0.000459 seconds.
  path: Assets/Prefabs/Miltary Assets/Meshes/Military Base/SM_BarrierConcrete03_3.FBX
  artifactKey: Guid(db9457bb7595ec24bb3653295243e5bd) Importer(815301076,1909f56bfc062723c751e8b465ee728b)
Start importing Assets/Prefabs/Miltary Assets/Meshes/Military Base/SM_BarrierConcrete03_3.FBX using Guid(db9457bb7595ec24bb3653295243e5bd) Importer(815301076,1909f56bfc062723c751e8b465ee728b)  -> (artifact id: '3b6261683dbc47551b97dd182349c408') in 0.684536 seconds
  Import took 0.724850 seconds .

========================================================================
Received Import Request.
  Time since last request: 0.000876 seconds.
  path: Assets/Prefabs/Miltary Assets/Meshes/Military Base/SM_Warehouse02_2.FBX
  artifactKey: Guid(022121e53c689c9499f48e1ade59f0da) Importer(815301076,1909f56bfc062723c751e8b465ee728b)
Start importing Assets/Prefabs/Miltary Assets/Meshes/Military Base/SM_Warehouse02_2.FBX using Guid(022121e53c689c9499f48e1ade59f0da) Importer(815301076,1909f56bfc062723c751e8b465ee728b)  -> (artifact id: '4377a9657517447b4737179989a0ee97') in 3.873162 seconds
  Import took 3.887069 seconds .

========================================================================
Received Import Request.
  Time since last request: 0.000472 seconds.
  path: Assets/Prefabs/Miltary Assets/Meshes/Military Base/SM_StorageCase04.FBX
  artifactKey: Guid(dbe1d56f1bdeed7459e08a39c72aeaca) Importer(815301076,1909f56bfc062723c751e8b465ee728b)
Start importing Assets/Prefabs/Miltary Assets/Meshes/Military Base/SM_StorageCase04.FBX using Guid(dbe1d56f1bdeed7459e08a39c72aeaca) Importer(815301076,1909f56bfc062723c751e8b465ee728b)  -> (artifact id: 'f36b40a21e4ed5a18c55721fbd53970c') in 2.008530 seconds
  Import took 2.065279 seconds .

========================================================================
Received Import Request.
  Time since last request: 0.000323 seconds.
  path: Assets/Prefabs/Miltary Assets/Meshes/Military Base/SM_WarehouseShelves01_1.FBX
  artifactKey: Guid(8fead2277c6f0f64bb73ff4b92705943) Importer(815301076,1909f56bfc062723c751e8b465ee728b)
Start importing Assets/Prefabs/Miltary Assets/Meshes/Military Base/SM_WarehouseShelves01_1.FBX using Guid(8fead2277c6f0f64bb73ff4b92705943) Importer(815301076,1909f56bfc062723c751e8b465ee728b)  -> (artifact id: '4e753667b4d52c03984db66e5fec80c3') in 1.043874 seconds
  Import took 1.093912 seconds .

========================================================================
Received Import Request.
  Time since last request: 0.000313 seconds.
  path: Assets/Prefabs/Miltary Assets/Meshes/Military Base/SM_BarrierSand01_1.FBX
  artifactKey: Guid(5c7fcdd245af3be43807a54c76e431b8) Importer(815301076,1909f56bfc062723c751e8b465ee728b)
Start importing Assets/Prefabs/Miltary Assets/Meshes/Military Base/SM_BarrierSand01_1.FBX using Guid(5c7fcdd245af3be43807a54c76e431b8) Importer(815301076,1909f56bfc062723c751e8b465ee728b)  -> (artifact id: 'bd18edfae5e13e7bf12f0b0cea814a66') in 1.383533 seconds
  Import took 1.417045 seconds .

========================================================================
Received Import Request.
  Time since last request: 0.000327 seconds.
  path: Assets/Prefabs/Miltary Assets/Meshes/Military Base/SM_WhiteBoard01_1.FBX
  artifactKey: Guid(1af462e9ab7add6478def687546ea402) Importer(815301076,1909f56bfc062723c751e8b465ee728b)
Start importing Assets/Prefabs/Miltary Assets/Meshes/Military Base/SM_WhiteBoard01_1.FBX using Guid(1af462e9ab7add6478def687546ea402) Importer(815301076,1909f56bfc062723c751e8b465ee728b)  -> (artifact id: 'ec62356f11e96985fb62a2bf33f926a7') in 0.405187 seconds
  Import took 0.414683 seconds .

========================================================================
Received Import Request.
  Time since last request: 0.000251 seconds.
  path: Assets/Prefabs/Miltary Assets/Meshes/Military Base/SM_Warehouse01_1.FBX
  artifactKey: Guid(4fadceb0560ebf44b876f1ba39f71a83) Importer(815301076,1909f56bfc062723c751e8b465ee728b)
Start importing Assets/Prefabs/Miltary Assets/Meshes/Military Base/SM_Warehouse01_1.FBX using Guid(4fadceb0560ebf44b876f1ba39f71a83) Importer(815301076,1909f56bfc062723c751e8b465ee728b)  -> (artifact id: '7f8a9d80f8367a35bfa5ee6f534de857') in 3.662698 seconds
  Import took 3.760972 seconds .

========================================================================
Received Import Request.
  Time since last request: 84.161456 seconds.
  path: Assets/Guns/Nokobot/Modern Guns - Handgun/Textures/45ACP_Bullet_Albedo_Silver.png
  artifactKey: Guid(eff506c84ac90d34c81e139f3e96a2ba) Importer(815301076,1909f56bfc062723c751e8b465ee728b)
Start importing Assets/Guns/Nokobot/Modern Guns - Handgun/Textures/45ACP_Bullet_Albedo_Silver.png using Guid(eff506c84ac90d34c81e139f3e96a2ba) Importer(815301076,1909f56bfc062723c751e8b465ee728b)  -> (artifact id: '5d36c2ac6211f152c783a8dbd1a34cfd') in 0.308138 seconds
  Import took 0.357369 seconds .

========================================================================
Received Import Request.
  Time since last request: 0.000268 seconds.
  path: Assets/Guns/Nokobot/Modern Guns - Handgun/Textures/M1911_Handgun_Albedo_Steel.png
  artifactKey: Guid(7474c63c5c65b1b4fa45a47bd1bf528f) Importer(815301076,1909f56bfc062723c751e8b465ee728b)
Start importing Assets/Guns/Nokobot/Modern Guns - Handgun/Textures/M1911_Handgun_Albedo_Steel.png using Guid(7474c63c5c65b1b4fa45a47bd1bf528f) Importer(815301076,1909f56bfc062723c751e8b465ee728b)  -> (artifact id: '109f68991e988108a327101611c7e75e') in 0.668678 seconds
  Import took 0.766110 seconds .

========================================================================
Received Import Request.
  Time since last request: 0.000305 seconds.
  path: Assets/Guns/Nokobot/Modern Guns - Handgun/Textures/M1911_Magazine_Albedo_Black.png
  artifactKey: Guid(c11766a3d3e2f124eb11ea77d2d2fd99) Importer(815301076,1909f56bfc062723c751e8b465ee728b)
Start importing Assets/Guns/Nokobot/Modern Guns - Handgun/Textures/M1911_Magazine_Albedo_Black.png using Guid(c11766a3d3e2f124eb11ea77d2d2fd99) Importer(815301076,1909f56bfc062723c751e8b465ee728b)  -> (artifact id: '550268f37e29f0975d49d0cb6d1199ea') in 0.191855 seconds
  Import took 0.353410 seconds .

========================================================================
Received Import Request.
  Time since last request: 0.000278 seconds.
  path: Assets/Guns/Nokobot/Modern Guns - Handgun/Textures/M1911_Handgun_Albedo_Black.png
  artifactKey: Guid(d962094b1569b2a488f813051a429e39) Importer(815301076,1909f56bfc062723c751e8b465ee728b)
Start importing Assets/Guns/Nokobot/Modern Guns - Handgun/Textures/M1911_Handgun_Albedo_Black.png using Guid(d962094b1569b2a488f813051a429e39) Importer(815301076,1909f56bfc062723c751e8b465ee728b)  -> (artifact id: '4af91b9902957d7be85693b8f27b753b') in 0.661707 seconds
  Import took 0.672503 seconds .

========================================================================
Received Import Request.
  Time since last request: 0.000312 seconds.
  path: Assets/Prefabs/Miltary Assets/Textures/PNG/MilitaryBase/Bed01/T_Bed01A_D.png
  artifactKey: Guid(cdeac6928609354499e896ada82823da) Importer(815301076,1909f56bfc062723c751e8b465ee728b)
Start importing Assets/Prefabs/Miltary Assets/Textures/PNG/MilitaryBase/Bed01/T_Bed01A_D.png using Guid(cdeac6928609354499e896ada82823da) Importer(815301076,1909f56bfc062723c751e8b465ee728b)  -> (artifact id: '5e9aff23ee8d8e1bb1eec8526ae00480') in 0.367635 seconds
  Import took 0.424362 seconds .

========================================================================
Received Import Request.
  Time since last request: 0.000316 seconds.
  path: Assets/Guns/Nokobot/Modern Guns - Handgun/Textures/M1911_Magazine_Albedo_Steel.png
  artifactKey: Guid(7714950642003ee488bdddb49dd229e0) Importer(815301076,1909f56bfc062723c751e8b465ee728b)
Start importing Assets/Guns/Nokobot/Modern Guns - Handgun/Textures/M1911_Magazine_Albedo_Steel.png using Guid(7714950642003ee488bdddb49dd229e0) Importer(815301076,1909f56bfc062723c751e8b465ee728b)  -> (artifact id: 'c245974131487db4225e72ef1c2fe874') in 0.206875 seconds
  Import took 0.258026 seconds .

========================================================================
Received Import Request.
  Time since last request: 0.000379 seconds.
  path: Assets/Guns/1911/Models/Materials/bolt_DefaultMaterial_AlbedoTransparency.mat
  artifactKey: Guid(c2ce74ddd2b0d96418a2e1d29d05d9ed) Importer(815301076,1909f56bfc062723c751e8b465ee728b)
Start importing Assets/Guns/1911/Models/Materials/bolt_DefaultMaterial_AlbedoTransparency.mat using Guid(c2ce74ddd2b0d96418a2e1d29d05d9ed) Importer(815301076,1909f56bfc062723c751e8b465ee728b)  -> (artifact id: '474f9302f5f1f085d70d8834c5bb6588') in 0.829295 seconds
  Import took 0.907864 seconds .

========================================================================
Received Import Request.
  Time since last request: 0.000361 seconds.
  path: Assets/Prefabs/Miltary Assets/Textures/PNG/MilitaryBase/Bed01/T_Bed01B_D.png
  artifactKey: Guid(25c8ac251d9e6c446afff3bde643a74b) Importer(815301076,1909f56bfc062723c751e8b465ee728b)
Start importing Assets/Prefabs/Miltary Assets/Textures/PNG/MilitaryBase/Bed01/T_Bed01B_D.png using Guid(25c8ac251d9e6c446afff3bde643a74b) Importer(815301076,1909f56bfc062723c751e8b465ee728b)  -> (artifact id: '1c70434eb99a429b9f2d347c0a6bad04') in 0.302252 seconds
  Import took 1.121481 seconds .

========================================================================
Received Import Request.
  Time since last request: 0.000312 seconds.
  path: Assets/Guns/1911/Models/Materials/bolt_DefaultMaterial_AlbedoTransparency.mat
  artifactKey: Guid(c2ce74ddd2b0d96418a2e1d29d05d9ed) Importer(815301076,1909f56bfc062723c751e8b465ee728b)
Start importing Assets/Guns/1911/Models/Materials/bolt_DefaultMaterial_AlbedoTransparency.mat using Guid(c2ce74ddd2b0d96418a2e1d29d05d9ed) Importer(815301076,1909f56bfc062723c751e8b465ee728b)  -> (artifact id: '474f9302f5f1f085d70d8834c5bb6588') in 0.828759 seconds
  Import took 0.841291 seconds .

========================================================================
Received Import Request.
  Time since last request: 0.000372 seconds.
  path: Assets/Prefabs/Miltary Assets/Textures/PNG/MilitaryBase/Bed01/T_Bed01A_N.png
  artifactKey: Guid(b6a8f059f4607ee4da9162818fa1465b) Importer(815301076,1909f56bfc062723c751e8b465ee728b)
Start importing Assets/Prefabs/Miltary Assets/Textures/PNG/MilitaryBase/Bed01/T_Bed01A_N.png using Guid(b6a8f059f4607ee4da9162818fa1465b) Importer(815301076,1909f56bfc062723c751e8b465ee728b)  -> (artifact id: '6b2310684103b8352c3aa2757b8a99a7') in 0.222427 seconds
  Import took 0.268022 seconds .

========================================================================
Received Import Request.
  Time since last request: 0.000467 seconds.
  path: Assets/Prefabs/Miltary Assets/Textures/PNG/MilitaryBase/Bed01/T_Bed01A_M.png
  artifactKey: Guid(3ed9758bf72baf34e96bd7360aba1db9) Importer(815301076,1909f56bfc062723c751e8b465ee728b)
Start importing Assets/Prefabs/Miltary Assets/Textures/PNG/MilitaryBase/Bed01/T_Bed01A_M.png using Guid(3ed9758bf72baf34e96bd7360aba1db9) Importer(815301076,1909f56bfc062723c751e8b465ee728b)  -> (artifact id: '1f11675243a3a9959b93d4651fcdf1ba') in 0.358732 seconds
  Import took 0.369632 seconds .

========================================================================
Received Import Request.
  Time since last request: 1006.523779 seconds.
  path: Assets/Materials/NewLayer.terrainlayer
  artifactKey: Guid(9c6769821bc55c34d869471c15ed858c) Importer(815301076,1909f56bfc062723c751e8b465ee728b)
Start importing Assets/Materials/NewLayer.terrainlayer using Guid(9c6769821bc55c34d869471c15ed858c) Importer(815301076,1909f56bfc062723c751e8b465ee728b)  -> (artifact id: '51f1d0dc2d24b8303a6e88ad180adac2') in 1.876380 seconds
  Import took 1.897226 seconds .

========================================================================
Received Import Request.
  Time since last request: 1804.296497 seconds.
  path: Assets/Prefabs/Miltary Assets/Textures/PNG/MilitaryBase/Table/T_Table02_D.png
  artifactKey: Guid(43cd69b5c7d4dfb4ca6a467d223e6843) Importer(815301076,1909f56bfc062723c751e8b465ee728b)
Start importing Assets/Prefabs/Miltary Assets/Textures/PNG/MilitaryBase/Table/T_Table02_D.png using Guid(43cd69b5c7d4dfb4ca6a467d223e6843) Importer(815301076,1909f56bfc062723c751e8b465ee728b)  -> (artifact id: '4133fcf623cd2ab6006acf767e39663e') in 1.216360 seconds
  Import took 1.224935 seconds .

========================================================================
Received Import Request.
  Time since last request: 0.000302 seconds.
  path: Assets/Prefabs/Miltary Assets/Textures/PNG/MilitaryBase/Table/T_Table03_M.png
  artifactKey: Guid(40a9b451dd06a70448071991e88803b1) Importer(815301076,1909f56bfc062723c751e8b465ee728b)
Start importing Assets/Prefabs/Miltary Assets/Textures/PNG/MilitaryBase/Table/T_Table03_M.png using Guid(40a9b451dd06a70448071991e88803b1) Importer(815301076,1909f56bfc062723c751e8b465ee728b)  -> (artifact id: '9717b2e116324186fcbfdc25783ff41a') in 0.204044 seconds
  Import took 0.275121 seconds .

========================================================================
Received Import Request.
  Time since last request: 0.000247 seconds.
  path: Assets/Prefabs/Miltary Assets/Textures/PNG/MilitaryBase/ToiletPortable/T_ToiletPortable01A_M.png
  artifactKey: Guid(e4217f6f17c43354db91ad45d456bf52) Importer(815301076,1909f56bfc062723c751e8b465ee728b)
Start importing Assets/Prefabs/Miltary Assets/Textures/PNG/MilitaryBase/ToiletPortable/T_ToiletPortable01A_M.png using Guid(e4217f6f17c43354db91ad45d456bf52) Importer(815301076,1909f56bfc062723c751e8b465ee728b)  -> (artifact id: '521d6ffcc75a00ff0bd5185f87818c83') in 1.265269 seconds
  Import took 1.272118 seconds .

========================================================================
Received Import Request.
  Time since last request: 0.000242 seconds.
  path: Assets/Prefabs/Miltary Assets/Textures/PNG/MilitaryBase/Table/T_Table03_D.png
  artifactKey: Guid(34f9cc78b7309f845893e42866bd7872) Importer(815301076,1909f56bfc062723c751e8b465ee728b)
Start importing Assets/Prefabs/Miltary Assets/Textures/PNG/MilitaryBase/Table/T_Table03_D.png using Guid(34f9cc78b7309f845893e42866bd7872) Importer(815301076,1909f56bfc062723c751e8b465ee728b)  -> (artifact id: '061f21e5cc48bd241ea2bdbd4a17d103') in 0.195099 seconds
  Import took 0.260588 seconds .

========================================================================
Received Import Request.
  Time since last request: 0.000374 seconds.
  path: Assets/Prefabs/Miltary Assets/Textures/PNG/MilitaryBase/Table/T_Table02_M.png
  artifactKey: Guid(3bd268de1566ceb40995cf5ef3a3d27c) Importer(815301076,1909f56bfc062723c751e8b465ee728b)
Start importing Assets/Prefabs/Miltary Assets/Textures/PNG/MilitaryBase/Table/T_Table02_M.png using Guid(3bd268de1566ceb40995cf5ef3a3d27c) Importer(815301076,1909f56bfc062723c751e8b465ee728b)  -> (artifact id: '120bdbf141e03899a4741de2d74763a9') in 0.243571 seconds
  Import took 1.362976 seconds .

========================================================================
Received Import Request.
  Time since last request: 0.000260 seconds.
  path: Assets/Prefabs/Miltary Assets/Textures/PNG/MilitaryBase/ToiletPortable/T_ToiletPortable01A_N.png
  artifactKey: Guid(590158cd95d711d4a863f8ce7639213f) Importer(815301076,1909f56bfc062723c751e8b465ee728b)
Start importing Assets/Prefabs/Miltary Assets/Textures/PNG/MilitaryBase/ToiletPortable/T_ToiletPortable01A_N.png using Guid(590158cd95d711d4a863f8ce7639213f) Importer(815301076,1909f56bfc062723c751e8b465ee728b)  -> (artifact id: 'ceb6aa0d232202220939e4d013e0f0ca') in 1.178797 seconds
  Import took 1.307188 seconds .

========================================================================
Received Import Request.
  Time since last request: 0.000267 seconds.
  path: Assets/Prefabs/Miltary Assets/Textures/PNG/MilitaryBase/Table/T_Table04_D.png
  artifactKey: Guid(1408257c2143cc140b8cf53da42ced83) Importer(815301076,1909f56bfc062723c751e8b465ee728b)
Start importing Assets/Prefabs/Miltary Assets/Textures/PNG/MilitaryBase/Table/T_Table04_D.png using Guid(1408257c2143cc140b8cf53da42ced83) Importer(815301076,1909f56bfc062723c751e8b465ee728b)  -> (artifact id: '9c82377c25c77526da5dd6b1b53ba2ad') in 0.439279 seconds
  Import took 0.963275 seconds .

========================================================================
Received Import Request.
  Time since last request: 0.000254 seconds.
  path: Assets/Prefabs/Miltary Assets/Textures/PNG/MilitaryBase/Table/T_Table02_N.png
  artifactKey: Guid(e97060bf7ae9eba41b153c1f08671d49) Importer(815301076,1909f56bfc062723c751e8b465ee728b)
Start importing Assets/Prefabs/Miltary Assets/Textures/PNG/MilitaryBase/Table/T_Table02_N.png using Guid(e97060bf7ae9eba41b153c1f08671d49) Importer(815301076,1909f56bfc062723c751e8b465ee728b)  -> (artifact id: '22f6f321b7c47ddd5619ba46d55857c3') in 0.750792 seconds
  Import took 0.879916 seconds .

========================================================================
Received Import Request.
  Time since last request: 0.000267 seconds.
  path: Assets/Prefabs/Miltary Assets/Textures/PNG/MilitaryBase/Table/T_Table04_M.png
  artifactKey: Guid(6b7535e7c14da5947bc3c8709cbe6321) Importer(815301076,1909f56bfc062723c751e8b465ee728b)
Start importing Assets/Prefabs/Miltary Assets/Textures/PNG/MilitaryBase/Table/T_Table04_M.png using Guid(6b7535e7c14da5947bc3c8709cbe6321) Importer(815301076,1909f56bfc062723c751e8b465ee728b)  -> (artifact id: '2bd81e436330b03568635c6fc91aed77') in 0.665914 seconds
  Import took 0.705484 seconds .

========================================================================
Received Import Request.
  Time since last request: 0.000314 seconds.
  path: Assets/Prefabs/Miltary Assets/Textures/PNG/MilitaryBase/ToiletPortable/T_ToiletPortable01B_D.png
  artifactKey: Guid(63408c0d43c54e343978445d3533aae4) Importer(815301076,1909f56bfc062723c751e8b465ee728b)
Start importing Assets/Prefabs/Miltary Assets/Textures/PNG/MilitaryBase/ToiletPortable/T_ToiletPortable01B_D.png using Guid(63408c0d43c54e343978445d3533aae4) Importer(815301076,1909f56bfc062723c751e8b465ee728b)  -> (artifact id: '88b6f2a273e9287701e67c9befc94584') in 0.540445 seconds
  Import took 0.652576 seconds .

========================================================================
Received Import Request.
  Time since last request: 0.000264 seconds.
  path: Assets/Prefabs/Miltary Assets/Textures/PNG/MilitaryBase/Table/T_Table03_N.png
  artifactKey: Guid(0f0af29e682611f49864099085a6964c) Importer(815301076,1909f56bfc062723c751e8b465ee728b)
Start importing Assets/Prefabs/Miltary Assets/Textures/PNG/MilitaryBase/Table/T_Table03_N.png using Guid(0f0af29e682611f49864099085a6964c) Importer(815301076,1909f56bfc062723c751e8b465ee728b)  -> (artifact id: '1339543f92e2b90c7c53189030c77452') in 1.221978 seconds
  Import took 1.255006 seconds .

========================================================================
Received Import Request.
  Time since last request: 0.000283 seconds.
  path: Assets/Prefabs/Miltary Assets/Textures/PNG/MilitaryBase/Table/T_Table04_N.png
  artifactKey: Guid(9c49a6d3c6a82754981683fdc76b12c1) Importer(815301076,1909f56bfc062723c751e8b465ee728b)
Start importing Assets/Prefabs/Miltary Assets/Textures/PNG/MilitaryBase/Table/T_Table04_N.png using Guid(9c49a6d3c6a82754981683fdc76b12c1) Importer(815301076,1909f56bfc062723c751e8b465ee728b)  -> (artifact id: 'a6a8193164b6580e512dc04c342a360b') in 0.147195 seconds
  Import took 1.872357 seconds .

========================================================================
Received Import Request.
  Time since last request: 0.000293 seconds.
  path: Assets/Prefabs/Miltary Assets/Textures/PNG/MilitaryBase/ToiletPortable/T_ToiletPortable01A_D.png
  artifactKey: Guid(1cc461a7061844e4ebf361f18992152c) Importer(815301076,1909f56bfc062723c751e8b465ee728b)
Start importing Assets/Prefabs/Miltary Assets/Textures/PNG/MilitaryBase/ToiletPortable/T_ToiletPortable01A_D.png using Guid(1cc461a7061844e4ebf361f18992152c) Importer(815301076,1909f56bfc062723c751e8b465ee728b)  -> (artifact id: '4749607dc0667a4dac2e817138548965') in 1.443346 seconds
  Import took 1.450449 seconds .

AssetImportWorkerClient::OnTransportError - code=2 error=End of file
