Using pre-set license
Built from '2020.2/release' branch; Version is '2020.2.2f1 (068178b99f32) revision 426360'; Using compiler version '192528614'; Build Type 'Release'
OS: 'Windows 10 Home; OS build 19041.867; Version 2004; 64bit' Language: 'en' Physical Memory: 16191 MB
BatchMode: 1, IsHumanControllingUs: 0, StartBugReporterOnCrash: 0, Is64bit: 1, IsPro: 0

 COMMAND LINE ARGUMENTS:
D:\UnityEditor\2020.2.2f1\Editor\Unity.exe
-adb2
-batchMode
-noUpm
-name
AssetImportWorker0
-projectPath
D:/TPKGames/Final Projects/PistolMaster/PistolMaster
-logFile
Logs/AssetImportWorker0.log
-srvPort
50276
Successfully changed project path to: D:/TPKGames/Final Projects/PistolMaster/PistolMaster
D:/TPKGames/Final Projects/PistolMaster/PistolMaster
Using Asset Import Pipeline V2.
Refreshing native plugins compatible for Editor in 85.59 ms, found 3 plugins.
Preloading 1 native plugins for Editor in 2.47 ms.
Initialize engine version: 2020.2.2f1 (068178b99f32)
[Subsystems] Discovering subsystems at path D:/UnityEditor/2020.2.2f1/Editor/Data/Resources/UnitySubsystems
[Subsystems] Discovering subsystems at path D:/TPKGames/Final Projects/PistolMaster/PistolMaster/Assets
GfxDevice: creating device client; threaded=0
Direct3D:
    Version:  Direct3D 11.0 [level 11.1]
    Renderer: NVIDIA GeForce GTX 1660 Ti (ID=0x2191)
    Vendor:   
    VRAM:     5991 MB
    Driver:   27.21.14.6192
Shader 'Universal Render Pipeline/Particles/Lit': fallback shader 'Universal Render Pipeline/Particles/SimpleLit' not found
Initialize mono
Mono path[0] = 'D:/UnityEditor/2020.2.2f1/Editor/Data/Managed'
Mono path[1] = 'D:/UnityEditor/2020.2.2f1/Editor/Data/MonoBleedingEdge/lib/mono/unityjit'
Mono config path = 'D:/UnityEditor/2020.2.2f1/Editor/Data/MonoBleedingEdge/etc'
Using monoOptions --debugger-agent=transport=dt_socket,embedding=1,server=y,suspend=n,address=127.0.0.1:56216
Begin MonoManager ReloadAssembly
Registering precompiled unity dll's ...
Register platform support module: D:/UnityEditor/2020.2.2f1/Editor/Data/PlaybackEngines/WebGLSupport/UnityEditor.WebGL.Extensions.dll
Register platform support module: D:/UnityEditor/2020.2.2f1/Editor/Data/PlaybackEngines/WindowsStandaloneSupport/UnityEditor.WindowsStandalone.Extensions.dll
Registered in 0.001871 seconds.
Native extension for WindowsStandalone target not found
Native extension for WebGL target not found
Refreshing native plugins compatible for Editor in 80.99 ms, found 3 plugins.
Preloading 1 native plugins for Editor in 0.08 ms.
Invoked RoslynAnalysisRunner static constructor.
RoslynAnalysisRunner will not be running.
RoslynAnalysisRunner has terminated.
Mono: successfully reloaded assembly
- Completed reload, in  2.346 seconds
Platform modules already initialized, skipping
Registering precompiled user dll's ...
Registered in 0.003893 seconds.
Begin MonoManager ReloadAssembly
Native extension for WindowsStandalone target not found
Native extension for WebGL target not found
Refreshing native plugins compatible for Editor in 83.25 ms, found 3 plugins.
Preloading 1 native plugins for Editor in 0.06 ms.
Invoked RoslynAnalysisRunner static constructor.
RoslynAnalysisRunner will not be running.
RoslynAnalysisRunner has terminated.
[XR] OculusXRPlugin: registering subsystems
[XR] Unable to register display lifecyle provider: [1]
[XR] Oculus Input lifecycle provider registered.
[XR] Unable to register input lifecyle provider: [1]
NullReferenceException: Object reference not set to an instance of an object
  at Unity.XR.Oculus.OculusLoader.AssetPathToAbsolutePath (System.String assetPath) [0x00048] in C:\Users\13854\Desktop\VR_Unity\Library\PackageCache\com.unity.xr.oculus@1.6.1\Runtime\OculusLoader.cs:242 
  at Unity.XR.Oculus.OculusLoader.EditorLoadOVRPlugin () [0x0007b] in C:\Users\13854\Desktop\VR_Unity\Library\PackageCache\com.unity.xr.oculus@1.6.1\Runtime\OculusLoader.cs:227 

(Filename: C:/Users/13854/Desktop/VR_Unity/Library/PackageCache/com.unity.xr.oculus@1.6.1/Runtime/OculusLoader.cs Line: 242)

Mono: successfully reloaded assembly
- Completed reload, in  1.376 seconds
Platform modules already initialized, skipping
========================================================================
Worker process is ready to serve import requests
Shader 'Universal Render Pipeline/Particles/Lit': fallback shader 'Universal Render Pipeline/Particles/SimpleLit' not found
Launched and connected shader compiler UnityShaderCompiler.exe after 0.07 seconds
Refreshing native plugins compatible for Editor in 1.04 ms, found 3 plugins.
Preloading 1 native plugins for Editor in 0.10 ms.
Unloading 3161 Unused Serialized files (Serialized files now loaded: 0)
System memory in use before: 138.6 MB.
System memory in use after: 138.8 MB.

Unloading 12 unused Assets to reduce memory usage. Loaded Objects now: 3608.
Total: 5.447900 ms (FindLiveObjects: 0.835900 ms CreateObjectMapping: 0.274100 ms MarkObjects: 4.173500 ms  DeleteObjects: 0.160900 ms)

========================================================================
Received Import Request.
  path: Assets/SkySerie Freebie/FreebieHdri/DarkStorm4K.hdr
  artifactKey: Guid(762f22ba43541df4e95e0e7126e8d96c) Importer(815301076,1909f56bfc062723c751e8b465ee728b)
Start importing Assets/SkySerie Freebie/FreebieHdri/DarkStorm4K.hdr using Guid(762f22ba43541df4e95e0e7126e8d96c) Importer(815301076,1909f56bfc062723c751e8b465ee728b)  -> (artifact id: '39f4113f57f59a42423578e7780f32ac') in 2.423398 seconds
  Import took 2.430169 seconds .

========================================================================
Received Import Request.
  Time since last request: 0.000345 seconds.
  path: Assets/SkySerie Freebie/FreebieHdri/FluffballDayLeft.hdr
  artifactKey: Guid(a78d8299279fda54098aca1c72ecfae1) Importer(815301076,1909f56bfc062723c751e8b465ee728b)
Start importing Assets/SkySerie Freebie/FreebieHdri/FluffballDayLeft.hdr using Guid(a78d8299279fda54098aca1c72ecfae1) Importer(815301076,1909f56bfc062723c751e8b465ee728b)  -> (artifact id: '63147d0e99c4918a2f1632f4c1ba6ad1') in 0.180211 seconds
  Import took 0.187351 seconds .

========================================================================
Received Import Request.
  Time since last request: 0.000264 seconds.
  path: Assets/SkySerie Freebie/FreebieHdri/CasualDay4K.hdr
  artifactKey: Guid(1153dc89e66880c4eb7adc16ba588855) Importer(815301076,1909f56bfc062723c751e8b465ee728b)
Start importing Assets/SkySerie Freebie/FreebieHdri/CasualDay4K.hdr using Guid(1153dc89e66880c4eb7adc16ba588855) Importer(815301076,1909f56bfc062723c751e8b465ee728b)  -> (artifact id: 'e31f93ac23dd377c3039ac3c734d6a11') in 2.612651 seconds
  Import took 2.620215 seconds .

========================================================================
Received Import Request.
  Time since last request: 0.000335 seconds.
  path: Assets/Guns/1911/Textures/Low_Poly_1323.fbm/frame_1911DefaultMaterial.png
  artifactKey: Guid(ccc439d39beb7bb40bd30019c0f72db8) Importer(815301076,1909f56bfc062723c751e8b465ee728b)
Start importing Assets/Guns/1911/Textures/Low_Poly_1323.fbm/frame_1911DefaultMaterial.png using Guid(ccc439d39beb7bb40bd30019c0f72db8) Importer(815301076,1909f56bfc062723c751e8b465ee728b)  -> (artifact id: '618e3533c706be5364b2f3bfed011ed7') in 0.459460 seconds
  Import took 0.466940 seconds .

========================================================================
Received Import Request.
  Time since last request: 0.000333 seconds.
  path: Assets/SkySerie Freebie/FreebieHdri/CosmicCoolCloudBack.hdr
  artifactKey: Guid(a779becf00399924184cd13e046a100e) Importer(815301076,1909f56bfc062723c751e8b465ee728b)
Start importing Assets/SkySerie Freebie/FreebieHdri/CosmicCoolCloudBack.hdr using Guid(a779becf00399924184cd13e046a100e) Importer(815301076,1909f56bfc062723c751e8b465ee728b)  -> (artifact id: 'e8bb423cee6f5ef0a5f90c81f684a9e7') in 0.399500 seconds
  Import took 0.406836 seconds .

========================================================================
Received Import Request.
  Time since last request: 0.000412 seconds.
  path: Assets/SkySerie Freebie/FreebieHdri/FluffballDayTop.hdr
  artifactKey: Guid(c769857dc541ab7449d1352d7ff46ce8) Importer(815301076,1909f56bfc062723c751e8b465ee728b)
Start importing Assets/SkySerie Freebie/FreebieHdri/FluffballDayTop.hdr using Guid(c769857dc541ab7449d1352d7ff46ce8) Importer(815301076,1909f56bfc062723c751e8b465ee728b)  -> (artifact id: 'c24a49e83afd9e3f765f0bf5d198ca84') in 0.169554 seconds
  Import took 0.195022 seconds .

========================================================================
Received Import Request.
  Time since last request: 0.000415 seconds.
  path: Assets/SkySerie Freebie/FreebieHdri/CosmicCoolCloudRight.hdr
  artifactKey: Guid(438e868ac8cccca4e81873838a67c003) Importer(815301076,1909f56bfc062723c751e8b465ee728b)
Start importing Assets/SkySerie Freebie/FreebieHdri/CosmicCoolCloudRight.hdr using Guid(438e868ac8cccca4e81873838a67c003) Importer(815301076,1909f56bfc062723c751e8b465ee728b)  -> (artifact id: '611a4a83dea2d4a3f14ba5060c3b89dc') in 0.436587 seconds
  Import took 0.444871 seconds .

========================================================================
Received Import Request.
  Time since last request: 0.000282 seconds.
  path: Assets/Guns/1911/Textures/Low_Poly_153.fbm/Box002NormalsMap.tga
  artifactKey: Guid(1f9b0e36cdc8b1f4fac0ec0d29b3a028) Importer(815301076,1909f56bfc062723c751e8b465ee728b)
Start importing Assets/Guns/1911/Textures/Low_Poly_153.fbm/Box002NormalsMap.tga using Guid(1f9b0e36cdc8b1f4fac0ec0d29b3a028) Importer(815301076,1909f56bfc062723c751e8b465ee728b)  -> (artifact id: '96226806e787bb263444a98c24c940b6') in 0.162433 seconds
  Import took 0.168824 seconds .

========================================================================
Received Import Request.
  Time since last request: 0.000434 seconds.
  path: Assets/SkySerie Freebie/FreebieHdri/CosmicCoolCloudLeft.hdr
  artifactKey: Guid(740f96d568f4f3e40b049c40f11603e5) Importer(815301076,1909f56bfc062723c751e8b465ee728b)
Start importing Assets/SkySerie Freebie/FreebieHdri/CosmicCoolCloudLeft.hdr using Guid(740f96d568f4f3e40b049c40f11603e5) Importer(815301076,1909f56bfc062723c751e8b465ee728b)  -> (artifact id: 'd954c580d7d287330e92663e898e1607') in 0.419749 seconds
  Import took 0.426448 seconds .

========================================================================
Received Prepare
Shader 'Universal Render Pipeline/Particles/Lit': fallback shader 'Universal Render Pipeline/Particles/SimpleLit' not found
Refreshing native plugins compatible for Editor in 1.86 ms, found 3 plugins.
Preloading 1 native plugins for Editor in 0.06 ms.
Unloading 4 Unused Serialized files (Serialized files now loaded: 0)
System memory in use before: 86.5 MB.
System memory in use after: 86.7 MB.

Unloading 4 unused Assets to reduce memory usage. Loaded Objects now: 3644.
Total: 3.954000 ms (FindLiveObjects: 0.437700 ms CreateObjectMapping: 0.121100 ms MarkObjects: 3.367800 ms  DeleteObjects: 0.025700 ms)

========================================================================
Received Import Request.
  Time since last request: 2.485789 seconds.
  path: Assets/Prefabs/Miltary Assets/Textures/PNG/Landscape/Grass/T_LandscapeGrass01A_D.png
  artifactKey: Guid(7de85b9c583155d43a95690bdcd3e8a1) Importer(815301076,1909f56bfc062723c751e8b465ee728b)
Start importing Assets/Prefabs/Miltary Assets/Textures/PNG/Landscape/Grass/T_LandscapeGrass01A_D.png using Guid(7de85b9c583155d43a95690bdcd3e8a1) Importer(815301076,1909f56bfc062723c751e8b465ee728b)  -> (artifact id: 'cbfb374337b124e47c022740366ae54f') in 0.463076 seconds
  Import took 0.471421 seconds .

========================================================================
Received Import Request.
  Time since last request: 10.821762 seconds.
  path: Assets/Materials
  artifactKey: Guid(c9b3feab498cb2d4c91fc794f5416d10) Importer(815301076,1909f56bfc062723c751e8b465ee728b)
Start importing Assets/Materials using Guid(c9b3feab498cb2d4c91fc794f5416d10) Importer(815301076,1909f56bfc062723c751e8b465ee728b)  -> (artifact id: '2bdade7b98546909b2142fcaa8164426') in 0.003088 seconds
  Import took 0.009080 seconds .

========================================================================
Received Import Request.
  Time since last request: 0.008451 seconds.
  path: Assets/Materials
  artifactKey: Guid(c9b3feab498cb2d4c91fc794f5416d10) Importer(815301076,1909f56bfc062723c751e8b465ee728b)
Start importing Assets/Materials using Guid(c9b3feab498cb2d4c91fc794f5416d10) Importer(815301076,1909f56bfc062723c751e8b465ee728b)  -> (artifact id: '2bdade7b98546909b2142fcaa8164426') in 0.003731 seconds
  Import took 0.011721 seconds .

========================================================================
Received Import Request.
  Time since last request: 5.214620 seconds.
  path: Assets/SkySerie Freebie/FreebieHdri/AmbienceExposure4k.hdr
  artifactKey: Guid(c9bc6cdb7a2e78b4c85ae74715b0a355) Importer(815301076,1909f56bfc062723c751e8b465ee728b)
Start importing Assets/SkySerie Freebie/FreebieHdri/AmbienceExposure4k.hdr using Guid(c9bc6cdb7a2e78b4c85ae74715b0a355) Importer(815301076,1909f56bfc062723c751e8b465ee728b)  -> (artifact id: '9e5661fc792c538cae74f18a4dd83b2f') in 2.461738 seconds
  Import took 2.472573 seconds .

========================================================================
Received Import Request.
  Time since last request: 0.000398 seconds.
  path: Assets/SkySerie Freebie/FreebieHdri/CosmicCoolCloudTop.hdr
  artifactKey: Guid(a199da0432efa6a489df8883d1f3bfe0) Importer(815301076,1909f56bfc062723c751e8b465ee728b)
Start importing Assets/SkySerie Freebie/FreebieHdri/CosmicCoolCloudTop.hdr using Guid(a199da0432efa6a489df8883d1f3bfe0) Importer(815301076,1909f56bfc062723c751e8b465ee728b)  -> (artifact id: 'edd487ddb4c9b60221d6e571f7a90474') in 0.407438 seconds
  Import took 0.414326 seconds .

========================================================================
Received Import Request.
  Time since last request: 0.000271 seconds.
  path: Assets/SkySerie Freebie/FreebieHdri/DayInTheClouds4k.hdr
  artifactKey: Guid(90196f2c2d8d2f2448717676e1a09894) Importer(815301076,1909f56bfc062723c751e8b465ee728b)
Start importing Assets/SkySerie Freebie/FreebieHdri/DayInTheClouds4k.hdr using Guid(90196f2c2d8d2f2448717676e1a09894) Importer(815301076,1909f56bfc062723c751e8b465ee728b)  -> (artifact id: 'f4d9a0bfd4bcfbe5f121fdab5b99fd3b') in 2.706285 seconds
  Import took 2.714122 seconds .

========================================================================
Received Import Request.
  Time since last request: 0.000445 seconds.
  path: Assets/Guns/1911/Textures/Low_Poly_153.fbm/Box002DiffuseMap.png
  artifactKey: Guid(6bbaadd2385ed5b4ca3612a5e030ec02) Importer(815301076,1909f56bfc062723c751e8b465ee728b)
Start importing Assets/Guns/1911/Textures/Low_Poly_153.fbm/Box002DiffuseMap.png using Guid(6bbaadd2385ed5b4ca3612a5e030ec02) Importer(815301076,1909f56bfc062723c751e8b465ee728b)  -> (artifact id: '7a1b21c4385bf45acfb5976f929020cb') in 0.270526 seconds
  Import took 0.278479 seconds .

========================================================================
Received Import Request.
  Time since last request: 0.000305 seconds.
  path: Assets/SkySerie Freebie/FreebieHdri/FluffballDayFront.hdr
  artifactKey: Guid(4499836ec803a0443834895abc208fba) Importer(815301076,1909f56bfc062723c751e8b465ee728b)
Start importing Assets/SkySerie Freebie/FreebieHdri/FluffballDayFront.hdr using Guid(4499836ec803a0443834895abc208fba) Importer(815301076,1909f56bfc062723c751e8b465ee728b)  -> (artifact id: 'a305f0b119a5157bc7894776743ea1a7') in 0.200917 seconds
  Import took 0.207605 seconds .

========================================================================
Received Import Request.
  Time since last request: 0.000247 seconds.
  path: Assets/SkySerie Freebie/FreebieHdri/CloudedSunGlow4k.hdr
  artifactKey: Guid(12c15a8e5a294be45819b1dd4b9b08d3) Importer(815301076,1909f56bfc062723c751e8b465ee728b)
Start importing Assets/SkySerie Freebie/FreebieHdri/CloudedSunGlow4k.hdr using Guid(12c15a8e5a294be45819b1dd4b9b08d3) Importer(815301076,1909f56bfc062723c751e8b465ee728b)  -> (artifact id: '7d2530fdd63740ad292dc3bf1ee65519') in 2.786233 seconds
  Import took 2.793392 seconds .

========================================================================
Received Import Request.
  Time since last request: 0.000279 seconds.
  path: Assets/Guns/1911/Models/Other.fbm/bolt_1911NormalsMap.tga
  artifactKey: Guid(e87bee5c3b10bcc4fab8859a5442f687) Importer(815301076,1909f56bfc062723c751e8b465ee728b)
Start importing Assets/Guns/1911/Models/Other.fbm/bolt_1911NormalsMap.tga using Guid(e87bee5c3b10bcc4fab8859a5442f687) Importer(815301076,1909f56bfc062723c751e8b465ee728b)  -> (artifact id: 'b54e2f34f7de64401a7f55f205e4c568') in 0.499495 seconds
  Import took 0.506483 seconds .

========================================================================
Received Import Request.
  Time since last request: 0.000318 seconds.
  path: Assets/SkySerie Freebie/FreebieHdri/CoriolisNight4k.hdr
  artifactKey: Guid(354036e57ae357148aed267204ce73a7) Importer(815301076,1909f56bfc062723c751e8b465ee728b)
Start importing Assets/SkySerie Freebie/FreebieHdri/CoriolisNight4k.hdr using Guid(354036e57ae357148aed267204ce73a7) Importer(815301076,1909f56bfc062723c751e8b465ee728b)  -> (artifact id: 'fc0888032d3b613ee383bc8192ae9dfe') in 2.228923 seconds
  Import took 2.237586 seconds .

========================================================================
Received Import Request.
  Time since last request: 0.000270 seconds.
  path: Assets/SkySerie Freebie/FreebieHdri/FluffballDayBack.hdr
  artifactKey: Guid(50762494be58d144d98d179cd6ba1470) Importer(815301076,1909f56bfc062723c751e8b465ee728b)
Start importing Assets/SkySerie Freebie/FreebieHdri/FluffballDayBack.hdr using Guid(50762494be58d144d98d179cd6ba1470) Importer(815301076,1909f56bfc062723c751e8b465ee728b)  -> (artifact id: '9f14914bf8d7a82d38d6d9cc52bbecc6') in 0.126435 seconds
  Import took 0.132744 seconds .

========================================================================
Received Import Request.
  Time since last request: 0.000255 seconds.
  path: Assets/SkySerie Freebie/FreebieHdri/CosmicCoolCloudFront.hdr
  artifactKey: Guid(d822c5eff7d42f04691027bc8c2b0716) Importer(815301076,1909f56bfc062723c751e8b465ee728b)
Start importing Assets/SkySerie Freebie/FreebieHdri/CosmicCoolCloudFront.hdr using Guid(d822c5eff7d42f04691027bc8c2b0716) Importer(815301076,1909f56bfc062723c751e8b465ee728b)  -> (artifact id: 'aa9a9dfe934873bbc3de555225bda204') in 0.399995 seconds
  Import took 0.406237 seconds .

========================================================================
Received Import Request.
  Time since last request: 0.000311 seconds.
  path: Assets/Guns/1911/Textures/Low_Poly_1323.fbm/Frame_1911MetallicSmoothness.png
  artifactKey: Guid(e2aabe61b71d9394d8ba3f2a08e5d2c0) Importer(815301076,1909f56bfc062723c751e8b465ee728b)
Start importing Assets/Guns/1911/Textures/Low_Poly_1323.fbm/Frame_1911MetallicSmoothness.png using Guid(e2aabe61b71d9394d8ba3f2a08e5d2c0) Importer(815301076,1909f56bfc062723c751e8b465ee728b)  -> (artifact id: 'ac732beef97812a60406d409bf545b8e') in 0.434409 seconds
  Import took 0.442277 seconds .

========================================================================
Received Import Request.
  Time since last request: 0.000570 seconds.
  path: Assets/Guns/1911/Models/Other.fbm/bolt_DefaultMaterial_AlbedoTransparency.png
  artifactKey: Guid(5a02a2e6070045447bba48762cd9dc17) Importer(815301076,1909f56bfc062723c751e8b465ee728b)
Start importing Assets/Guns/1911/Models/Other.fbm/bolt_DefaultMaterial_AlbedoTransparency.png using Guid(5a02a2e6070045447bba48762cd9dc17) Importer(815301076,1909f56bfc062723c751e8b465ee728b)  -> (artifact id: 'cf2af1bb38ce21b7f0b3bd45ef91dd22') in 0.517234 seconds
  Import took 0.525416 seconds .

========================================================================
Received Import Request.
  Time since last request: 0.000461 seconds.
  path: Assets/SkySerie Freebie/FreebieHdri/CosmicCoolCloudBottom.hdr
  artifactKey: Guid(94b877781ad034640abce933599b6f2e) Importer(815301076,1909f56bfc062723c751e8b465ee728b)
Start importing Assets/SkySerie Freebie/FreebieHdri/CosmicCoolCloudBottom.hdr using Guid(94b877781ad034640abce933599b6f2e) Importer(815301076,1909f56bfc062723c751e8b465ee728b)  -> (artifact id: 'b418c9a4ff7321e52bd771ea7548ccc8') in 0.377495 seconds
  Import took 0.385419 seconds .

========================================================================
Received Import Request.
  Time since last request: 0.000408 seconds.
  path: Assets/Guns/1911/Textures/Low_Poly_1323.fbm/bolt_1911DefaultMaterial.png
  artifactKey: Guid(f27815cae7ff3d74aaabbeeff9bf7d3e) Importer(815301076,1909f56bfc062723c751e8b465ee728b)
Start importing Assets/Guns/1911/Textures/Low_Poly_1323.fbm/bolt_1911DefaultMaterial.png using Guid(f27815cae7ff3d74aaabbeeff9bf7d3e) Importer(815301076,1909f56bfc062723c751e8b465ee728b)  -> (artifact id: 'b234fb80d99ba6130c54e57a51190525') in 0.412712 seconds
  Import took 0.421641 seconds .

========================================================================
Received Import Request.
  Time since last request: 0.000592 seconds.
  path: Assets/Guns/1911/Textures/Low_Poly_1323.fbm/bolt_1911MetallicSmoothness.png
  artifactKey: Guid(70b4d661ace5877428678b904474a2b5) Importer(815301076,1909f56bfc062723c751e8b465ee728b)
Start importing Assets/Guns/1911/Textures/Low_Poly_1323.fbm/bolt_1911MetallicSmoothness.png using Guid(70b4d661ace5877428678b904474a2b5) Importer(815301076,1909f56bfc062723c751e8b465ee728b)  -> (artifact id: '0615cb7039fada4ffdf5375d899b6bc9') in 0.476013 seconds
  Import took 0.483039 seconds .

========================================================================
Received Import Request.
  Time since last request: 0.000310 seconds.
  path: Assets/Guns/1911/Textures/Bullet/Bullet_material.png
  artifactKey: Guid(ed9385ac20cfa1b45bbebb7022c4651e) Importer(815301076,1909f56bfc062723c751e8b465ee728b)
Start importing Assets/Guns/1911/Textures/Bullet/Bullet_material.png using Guid(ed9385ac20cfa1b45bbebb7022c4651e) Importer(815301076,1909f56bfc062723c751e8b465ee728b)  -> (artifact id: '17192f009b1be25d6f7ae6f5a4531d31') in 0.302890 seconds
  Import took 0.311588 seconds .

========================================================================
Received Import Request.
  Time since last request: 0.000329 seconds.
  path: Assets/Guns/1911/Textures/Bullet/Bullet_Metal.png
  artifactKey: Guid(59c496c06f15dbb4d8d0da5ec0ded6a9) Importer(815301076,1909f56bfc062723c751e8b465ee728b)
Start importing Assets/Guns/1911/Textures/Bullet/Bullet_Metal.png using Guid(59c496c06f15dbb4d8d0da5ec0ded6a9) Importer(815301076,1909f56bfc062723c751e8b465ee728b)  -> (artifact id: 'ae7b1efb7dc72f67580da969d342ad7f') in 0.266054 seconds
  Import took 0.274946 seconds .

========================================================================
Received Import Request.
  Time since last request: 0.000293 seconds.
  path: Assets/Guns/1911/Models/Other.fbm/Frame_1911_LPNormals.tga
  artifactKey: Guid(b99a800ff45f2f74a8820d6bbe4a7968) Importer(815301076,1909f56bfc062723c751e8b465ee728b)
Start importing Assets/Guns/1911/Models/Other.fbm/Frame_1911_LPNormals.tga using Guid(b99a800ff45f2f74a8820d6bbe4a7968) Importer(815301076,1909f56bfc062723c751e8b465ee728b)  -> (artifact id: 'c6f56adaa1cc688251b1548d490be6eb') in 0.353660 seconds
  Import took 0.360954 seconds .

========================================================================
Received Import Request.
  Time since last request: 0.000450 seconds.
  path: Assets/SkySerie Freebie/FreebieHdri/Cloudymorning4k.hdr
  artifactKey: Guid(3b5d67736d7b8ad4f8da4d58eaef0b98) Importer(815301076,1909f56bfc062723c751e8b465ee728b)
Start importing Assets/SkySerie Freebie/FreebieHdri/Cloudymorning4k.hdr using Guid(3b5d67736d7b8ad4f8da4d58eaef0b98) Importer(815301076,1909f56bfc062723c751e8b465ee728b)  -> (artifact id: '001e6ebbdff7088e2dfa819f96d9e88e') in 2.675816 seconds
  Import took 2.686056 seconds .

========================================================================
Received Import Request.
  Time since last request: 0.000423 seconds.
  path: Assets/SkySerie Freebie/FreebieHdri/FluffballDayBottom.hdr
  artifactKey: Guid(42e0664ae4c5c424ebcd980a10687e18) Importer(815301076,1909f56bfc062723c751e8b465ee728b)
Start importing Assets/SkySerie Freebie/FreebieHdri/FluffballDayBottom.hdr using Guid(42e0664ae4c5c424ebcd980a10687e18) Importer(815301076,1909f56bfc062723c751e8b465ee728b)  -> (artifact id: '832a338c8532d98269963b99ea208483') in 0.156594 seconds
  Import took 0.163882 seconds .

========================================================================
Received Import Request.
  Time since last request: 0.000398 seconds.
  path: Assets/Guns/1911/Textures/Low_Poly_1323.fbm/frame_1911NormalsMap.tga
  artifactKey: Guid(380001d9a6877f94ba6dbf25012ba533) Importer(815301076,1909f56bfc062723c751e8b465ee728b)
Start importing Assets/Guns/1911/Textures/Low_Poly_1323.fbm/frame_1911NormalsMap.tga using Guid(380001d9a6877f94ba6dbf25012ba533) Importer(815301076,1909f56bfc062723c751e8b465ee728b)  -> (artifact id: '3f8d2fbc95268fdc10721bd2c775fe34') in 0.283413 seconds
  Import took 0.291125 seconds .

========================================================================
Received Import Request.
  Time since last request: 0.000468 seconds.
  path: Assets/SkySerie Freebie/FreebieHdri/FluffballDay4k.hdr
  artifactKey: Guid(3e80b688af9b1d84ea52c5d36bb1cbbd) Importer(815301076,1909f56bfc062723c751e8b465ee728b)
Start importing Assets/SkySerie Freebie/FreebieHdri/FluffballDay4k.hdr using Guid(3e80b688af9b1d84ea52c5d36bb1cbbd) Importer(815301076,1909f56bfc062723c751e8b465ee728b)  -> (artifact id: '93ffe01ad8941838347ec60452216762') in 2.577113 seconds
  Import took 2.586428 seconds .

========================================================================
Received Import Request.
  Time since last request: 0.000464 seconds.
  path: Assets/SkySerie Freebie/FreebieHdri/FluffballDayRight.hdr
  artifactKey: Guid(669daa4bd63e4204dacb9aa01a164a7f) Importer(815301076,1909f56bfc062723c751e8b465ee728b)
Start importing Assets/SkySerie Freebie/FreebieHdri/FluffballDayRight.hdr using Guid(669daa4bd63e4204dacb9aa01a164a7f) Importer(815301076,1909f56bfc062723c751e8b465ee728b)  -> (artifact id: 'd03206a73f61dfaa73f7c8fc7741b459') in 0.178336 seconds
  Import took 0.186270 seconds .

========================================================================
Received Import Request.
  Time since last request: 0.000295 seconds.
  path: Assets/Guns/1911/Models/Other.fbm/frame_1911DefaultMaterial.png
  artifactKey: Guid(4f63bdadd5e09f644a264ab90412ef1e) Importer(815301076,1909f56bfc062723c751e8b465ee728b)
Start importing Assets/Guns/1911/Models/Other.fbm/frame_1911DefaultMaterial.png using Guid(4f63bdadd5e09f644a264ab90412ef1e) Importer(815301076,1909f56bfc062723c751e8b465ee728b)  -> (artifact id: '21a9f166b1e0dcc0c07ae687aac1e988') in 0.470645 seconds
  Import took 0.479890 seconds .

========================================================================
Received Import Request.
  Time since last request: 0.000427 seconds.
  path: Assets/Guns/1911/Textures/Low_Poly_1323.fbm/bolt_1911NormalsMap.tga
  artifactKey: Guid(9c85a41fe7f33c64c979f4a231248dab) Importer(815301076,1909f56bfc062723c751e8b465ee728b)
Start importing Assets/Guns/1911/Textures/Low_Poly_1323.fbm/bolt_1911NormalsMap.tga using Guid(9c85a41fe7f33c64c979f4a231248dab) Importer(815301076,1909f56bfc062723c751e8b465ee728b)  -> (artifact id: 'a5b461a51cb04289f884f0f5a60b2e3d') in 0.459704 seconds
  Import took 0.470324 seconds .

========================================================================
Received Import Request.
  Time since last request: 504.476577 seconds.
  path: Assets/Guns/1911/Textures
  artifactKey: Guid(1413cf5b4304c754d884249325dbb309) Importer(815301076,1909f56bfc062723c751e8b465ee728b)
Start importing Assets/Guns/1911/Textures using Guid(1413cf5b4304c754d884249325dbb309) Importer(815301076,1909f56bfc062723c751e8b465ee728b)  -> (artifact id: '4eb3b8899497f15bf071a8664ae78482') in 0.003091 seconds
  Import took 0.297352 seconds .

========================================================================
Received Import Request.
  Time since last request: 1.645680 seconds.
  path: Assets/Guns/1911/Materials/bolt_1911.mat
  artifactKey: Guid(1b045e9710ee1d545b623b565fe21489) Importer(815301076,1909f56bfc062723c751e8b465ee728b)
Start importing Assets/Guns/1911/Materials/bolt_1911.mat using Guid(1b045e9710ee1d545b623b565fe21489) Importer(815301076,1909f56bfc062723c751e8b465ee728b)  -> (artifact id: 'e3e793813eb47d6d1800b136b95af460') in 1.433196 seconds
  Import took 1.491558 seconds .

========================================================================
Received Import Request.
  Time since last request: 0.000253 seconds.
  path: Assets/Guns/1911/Materials/DemoScene/target1-300.mat
  artifactKey: Guid(b551be2ec094e56409a6d37e5b647ae6) Importer(815301076,1909f56bfc062723c751e8b465ee728b)
Start importing Assets/Guns/1911/Materials/DemoScene/target1-300.mat using Guid(b551be2ec094e56409a6d37e5b647ae6) Importer(815301076,1909f56bfc062723c751e8b465ee728b)  -> (artifact id: '658fbc7d913af2a8c6aa175dc75d4c80') in 0.337096 seconds
  Import took 0.369618 seconds .

========================================================================
Received Import Request.
  Time since last request: 0.000283 seconds.
  path: Assets/Guns/1911/Materials/naklad.mat
  artifactKey: Guid(6b7e3623484a5154ea09780672c2204c) Importer(815301076,1909f56bfc062723c751e8b465ee728b)
Start importing Assets/Guns/1911/Materials/naklad.mat using Guid(6b7e3623484a5154ea09780672c2204c) Importer(815301076,1909f56bfc062723c751e8b465ee728b)  -> (artifact id: '33ae575ff75af55f2963132236f2d25b') in 0.256209 seconds
  Import took 0.287212 seconds .

========================================================================
Received Import Request.
  Time since last request: 0.000284 seconds.
  path: Assets/Guns/1911/Materials/low153mat.mat
  artifactKey: Guid(4e2b3471c053d0149bc6b37c53fd84ec) Importer(815301076,1909f56bfc062723c751e8b465ee728b)
Start importing Assets/Guns/1911/Materials/low153mat.mat using Guid(4e2b3471c053d0149bc6b37c53fd84ec) Importer(815301076,1909f56bfc062723c751e8b465ee728b)  -> (artifact id: '1a6e5585b7e9a8be50fd3f38e848b4af') in 0.191114 seconds
  Import took 0.227421 seconds .

========================================================================
Received Import Request.
  Time since last request: 0.000278 seconds.
  path: Assets/Guns/1911/Materials/frame_1911.mat
  artifactKey: Guid(708185bac4d535c428cb349d9c9d9ae2) Importer(815301076,1909f56bfc062723c751e8b465ee728b)
Start importing Assets/Guns/1911/Materials/frame_1911.mat using Guid(708185bac4d535c428cb349d9c9d9ae2) Importer(815301076,1909f56bfc062723c751e8b465ee728b)  -> (artifact id: '95b581d17ec9711064b34714096d5686') in 0.976707 seconds
  Import took 1.006608 seconds .

========================================================================
Received Import Request.
  Time since last request: 0.000272 seconds.
  path: Assets/Guns/1911/Materials/Bullet.mat
  artifactKey: Guid(dfb15e1973f01f04fa89c61cd45f8d1f) Importer(815301076,1909f56bfc062723c751e8b465ee728b)
Start importing Assets/Guns/1911/Materials/Bullet.mat using Guid(dfb15e1973f01f04fa89c61cd45f8d1f) Importer(815301076,1909f56bfc062723c751e8b465ee728b)  -> (artifact id: '2ef8ee0b11e5e6b537a428b99fffb4e2') in 0.716803 seconds
  Import took 0.747502 seconds .

========================================================================
Received Import Request.
  Time since last request: 0.000293 seconds.
  path: Assets/Guns/1911/Materials/DemoScene/Scene.mat
  artifactKey: Guid(5e8074348f389a64ea011af01030a66a) Importer(815301076,1909f56bfc062723c751e8b465ee728b)
Start importing Assets/Guns/1911/Materials/DemoScene/Scene.mat using Guid(5e8074348f389a64ea011af01030a66a) Importer(815301076,1909f56bfc062723c751e8b465ee728b)  -> (artifact id: '4939fe07c0f0afe2be19057f90158f2c') in 0.028541 seconds
  Import took 0.036478 seconds .

========================================================================
Received Import Request.
  Time since last request: 6.105061 seconds.
  path: Assets/Guns/1911/Models/Other.fbm
  artifactKey: Guid(40861fd19f26d4e46b0b78c7e1b8c554) Importer(815301076,1909f56bfc062723c751e8b465ee728b)
Start importing Assets/Guns/1911/Models/Other.fbm using Guid(40861fd19f26d4e46b0b78c7e1b8c554) Importer(815301076,1909f56bfc062723c751e8b465ee728b)  -> (artifact id: '8c2e2f4286f0b5fb979a1856b0d7d323') in 0.003356 seconds
  Import took 0.035755 seconds .

========================================================================
Received Import Request.
  Time since last request: 2.084150 seconds.
  path: Assets/Guns/1911/Models/Low_Poly_1323.fbm
  artifactKey: Guid(97bc1d5bf7ddbcd468e4e585c2859d13) Importer(815301076,1909f56bfc062723c751e8b465ee728b)
Start importing Assets/Guns/1911/Models/Low_Poly_1323.fbm using Guid(97bc1d5bf7ddbcd468e4e585c2859d13) Importer(815301076,1909f56bfc062723c751e8b465ee728b)  -> (artifact id: 'b87d92516cd38dba13fa51ffee35f848') in 0.055937 seconds
  Import took 0.141336 seconds .

========================================================================
Received Prepare
Registering precompiled user dll's ...
Registered in 0.003154 seconds.
Begin MonoManager ReloadAssembly
Native extension for WindowsStandalone target not found
Native extension for WebGL target not found
Refreshing native plugins compatible for Editor in 0.83 ms, found 3 plugins.
Preloading 1 native plugins for Editor in 0.09 ms.
Invoked RoslynAnalysisRunner static constructor.
RoslynAnalysisRunner will not be running.
RoslynAnalysisRunner has terminated.
NullReferenceException: Object reference not set to an instance of an object
  at Unity.XR.Oculus.OculusLoader.AssetPathToAbsolutePath (System.String assetPath) [0x00048] in C:\Users\13854\Desktop\VR_Unity\Library\PackageCache\com.unity.xr.oculus@1.6.1\Runtime\OculusLoader.cs:242 
  at Unity.XR.Oculus.OculusLoader.EditorLoadOVRPlugin () [0x0007b] in C:\Users\13854\Desktop\VR_Unity\Library\PackageCache\com.unity.xr.oculus@1.6.1\Runtime\OculusLoader.cs:227 

(Filename: C:/Users/13854/Desktop/VR_Unity/Library/PackageCache/com.unity.xr.oculus@1.6.1/Runtime/OculusLoader.cs Line: 242)

Mono: successfully reloaded assembly
- Completed reload, in  1.259 seconds
Platform modules already initialized, skipping
Switching build target platform(5) subTarget(0) extendedPlatform(0) -> platform(13) subTarget(536870918) extendedPlatform(0)
Shader 'Universal Render Pipeline/Particles/Lit': fallback shader 'Universal Render Pipeline/Particles/SimpleLit' not found
Refreshing native plugins compatible for Editor in 0.82 ms, found 3 plugins.
Preloading 1 native plugins for Editor in 0.09 ms.
Unloading 3036 Unused Serialized files (Serialized files now loaded: 0)
System memory in use before: 148.4 MB.
System memory in use after: 148.6 MB.

Unloading 7 unused Assets to reduce memory usage. Loaded Objects now: 3696.
Total: 2.884600 ms (FindLiveObjects: 0.372900 ms CreateObjectMapping: 0.079600 ms MarkObjects: 2.412000 ms  DeleteObjects: 0.018800 ms)

AssetImportParameters requested are different than current active one (requested -> active):
  custom:graphics/normal-map-encoding: 01000000000000000000000000000000 -> 02000000000000000000000000000000
========================================================================
Received Import Request.
  Time since last request: 757.562064 seconds.
  path: Assets/New Terrain 2.asset
  artifactKey: Guid(1a407de9b9904ef429685da317be0786) Importer(815301076,1909f56bfc062723c751e8b465ee728b)
Start importing Assets/New Terrain 2.asset using Guid(1a407de9b9904ef429685da317be0786) Importer(815301076,1909f56bfc062723c751e8b465ee728b)  -> (artifact id: 'af6192f48f92169443c47e438165da16') in 0.065539 seconds
  Import took 0.155776 seconds .

========================================================================
Received Import Request.
  Time since last request: 3.358664 seconds.
  path: Assets/Nokobot
  artifactKey: Guid(c1259823df369a44b9287c55fb88856d) Importer(815301076,1909f56bfc062723c751e8b465ee728b)
Start importing Assets/Nokobot using Guid(c1259823df369a44b9287c55fb88856d) Importer(815301076,1909f56bfc062723c751e8b465ee728b)  -> (artifact id: 'bf2ac3530172b8b0dd33d5eecb65cb78') in 0.002824 seconds
  Import took 0.052922 seconds .

========================================================================
Received Prepare
Registering precompiled user dll's ...
Registered in 0.002991 seconds.
Begin MonoManager ReloadAssembly
Native extension for WindowsStandalone target not found
Native extension for WebGL target not found
Refreshing native plugins compatible for Editor in 0.82 ms, found 3 plugins.
Preloading 1 native plugins for Editor in 0.09 ms.
Invoked RoslynAnalysisRunner static constructor.
RoslynAnalysisRunner will not be running.
RoslynAnalysisRunner has terminated.
NullReferenceException: Object reference not set to an instance of an object
  at Unity.XR.Oculus.OculusLoader.AssetPathToAbsolutePath (System.String assetPath) [0x00048] in C:\Users\13854\Desktop\VR_Unity\Library\PackageCache\com.unity.xr.oculus@1.6.1\Runtime\OculusLoader.cs:242 
  at Unity.XR.Oculus.OculusLoader.EditorLoadOVRPlugin () [0x0007b] in C:\Users\13854\Desktop\VR_Unity\Library\PackageCache\com.unity.xr.oculus@1.6.1\Runtime\OculusLoader.cs:227 

(Filename: C:/Users/13854/Desktop/VR_Unity/Library/PackageCache/com.unity.xr.oculus@1.6.1/Runtime/OculusLoader.cs Line: 242)

Mono: successfully reloaded assembly
- Completed reload, in  1.193 seconds
Platform modules already initialized, skipping
Switching build target platform(5) subTarget(0) extendedPlatform(0) -> platform(13) subTarget(536870918) extendedPlatform(0)
Shader 'Universal Render Pipeline/Particles/Lit': fallback shader 'Universal Render Pipeline/Particles/SimpleLit' not found
Refreshing native plugins compatible for Editor in 0.81 ms, found 3 plugins.
Preloading 1 native plugins for Editor in 0.09 ms.
Unloading 3042 Unused Serialized files (Serialized files now loaded: 0)
System memory in use before: 150.2 MB.
System memory in use after: 150.4 MB.

Unloading 7 unused Assets to reduce memory usage. Loaded Objects now: 3706.
Total: 3.242400 ms (FindLiveObjects: 0.432700 ms CreateObjectMapping: 0.131100 ms MarkObjects: 2.656800 ms  DeleteObjects: 0.020000 ms)

AssetImportParameters requested are different than current active one (requested -> active):
  custom:graphics/normal-map-encoding: 01000000000000000000000000000000 -> 02000000000000000000000000000000
========================================================================
Received Import Request.
  Time since last request: 10.123760 seconds.
  path: Assets/Guns/Nokobot/Modern Guns - Handgun
  artifactKey: Guid(5274446ddfaa13a40bf3db37c1b2dca5) Importer(815301076,1909f56bfc062723c751e8b465ee728b)
Start importing Assets/Guns/Nokobot/Modern Guns - Handgun using Guid(5274446ddfaa13a40bf3db37c1b2dca5) Importer(815301076,1909f56bfc062723c751e8b465ee728b)  -> (artifact id: '49da02c377e9aee54fa354257170c680') in 0.007684 seconds
  Import took 0.124314 seconds .

========================================================================
Received Import Request.
  Time since last request: 42.567393 seconds.
  path: Assets/Guns/Nokobot/Modern Guns - Handgun/_Prefabs/45ACP Bullet.prefab
  artifactKey: Guid(674adf642abf5614aae2995443c8250f) Importer(815301076,1909f56bfc062723c751e8b465ee728b)
Start importing Assets/Guns/Nokobot/Modern Guns - Handgun/_Prefabs/45ACP Bullet.prefab using Guid(674adf642abf5614aae2995443c8250f) Importer(815301076,1909f56bfc062723c751e8b465ee728b)  -> (artifact id: 'aa1b72077a6a2d4c8cb1ae345841d365') in 0.304916 seconds
  Import took 0.313170 seconds .

========================================================================
Received Import Request.
  Time since last request: 0.000295 seconds.
  path: Assets/Guns/Nokobot/Modern Guns - Handgun/_Prefabs
  artifactKey: Guid(2987812710f5d82498876f0a50b38192) Importer(815301076,1909f56bfc062723c751e8b465ee728b)
Start importing Assets/Guns/Nokobot/Modern Guns - Handgun/_Prefabs using Guid(2987812710f5d82498876f0a50b38192) Importer(815301076,1909f56bfc062723c751e8b465ee728b)  -> (artifact id: '3ea086c4b81c413082c8109d28edc2b2') in 0.002952 seconds
  Import took 0.010106 seconds .

========================================================================
Received Import Request.
  Time since last request: 0.000236 seconds.
  path: Assets/Guns/Nokobot/Modern Guns - Handgun/_Prefabs/45ACP Bullet_Casing.prefab
  artifactKey: Guid(4cb20e8abae957146a8b78e670d3fe74) Importer(815301076,1909f56bfc062723c751e8b465ee728b)
Start importing Assets/Guns/Nokobot/Modern Guns - Handgun/_Prefabs/45ACP Bullet_Casing.prefab using Guid(4cb20e8abae957146a8b78e670d3fe74) Importer(815301076,1909f56bfc062723c751e8b465ee728b)  -> (artifact id: 'd3bfd1397e1d2c343104d25933794828') in 0.069282 seconds
  Import took 0.076638 seconds .

========================================================================
Received Import Request.
  Time since last request: 0.000319 seconds.
  path: Assets/Guns/Nokobot/Modern Guns - Handgun/_Prefabs/45ACP Bullet_Head.prefab
  artifactKey: Guid(65c9f6563c561ee4e8905d1e6a32548b) Importer(815301076,1909f56bfc062723c751e8b465ee728b)
Start importing Assets/Guns/Nokobot/Modern Guns - Handgun/_Prefabs/45ACP Bullet_Head.prefab using Guid(65c9f6563c561ee4e8905d1e6a32548b) Importer(815301076,1909f56bfc062723c751e8b465ee728b)  -> (artifact id: 'ce8dbd1e618767365f89dc3e1a54be0e') in 0.064440 seconds
  Import took 0.123442 seconds .

========================================================================
Received Import Request.
  Time since last request: 2.746439 seconds.
  path: Assets/Guns/Nokobot/Modern Guns - Handgun/_Prefabs/Base Prefabs
  artifactKey: Guid(85ffdbf9c56062e4e8c1a4740fb5adee) Importer(815301076,1909f56bfc062723c751e8b465ee728b)
Start importing Assets/Guns/Nokobot/Modern Guns - Handgun/_Prefabs/Base Prefabs using Guid(85ffdbf9c56062e4e8c1a4740fb5adee) Importer(815301076,1909f56bfc062723c751e8b465ee728b)  -> (artifact id: '39dc4ccb727047dc4e937731d865f93c') in 0.005138 seconds
  Import took 0.014389 seconds .

========================================================================
Received Import Request.
  Time since last request: 1.283287 seconds.
  path: Assets/Guns/Nokobot/Modern Guns - Handgun/_Prefabs/Handgun Black
  artifactKey: Guid(3c06fb9777b9bf742984737b207f4792) Importer(815301076,1909f56bfc062723c751e8b465ee728b)
Start importing Assets/Guns/Nokobot/Modern Guns - Handgun/_Prefabs/Handgun Black using Guid(3c06fb9777b9bf742984737b207f4792) Importer(815301076,1909f56bfc062723c751e8b465ee728b)  -> (artifact id: '28f68a9d725b4e1ad02de5834352d1b1') in 0.004705 seconds
  Import took 0.073775 seconds .

========================================================================
Received Import Request.
  Time since last request: 0.532724 seconds.
  path: Assets/Guns/Nokobot/Modern Guns - Handgun/_Prefabs/Handgun Silver
  artifactKey: Guid(4692567bb400b7b43bfd7e4ec6129550) Importer(815301076,1909f56bfc062723c751e8b465ee728b)
Start importing Assets/Guns/Nokobot/Modern Guns - Handgun/_Prefabs/Handgun Silver using Guid(4692567bb400b7b43bfd7e4ec6129550) Importer(815301076,1909f56bfc062723c751e8b465ee728b)  -> (artifact id: 'de66e3371e1e1556bc02a95a2b196421') in 0.083659 seconds
  Import took 0.112808 seconds .

========================================================================
Received Import Request.
  Time since last request: 1.252080 seconds.
  path: Assets/Guns/Nokobot/Modern Guns - Handgun/_Prefabs/Handgun Silver/M1911 Handgun_Silver (Shooting).prefab
  artifactKey: Guid(37e98970f8baf7647b735d9036006f0d) Importer(815301076,1909f56bfc062723c751e8b465ee728b)
Start importing Assets/Guns/Nokobot/Modern Guns - Handgun/_Prefabs/Handgun Silver/M1911 Handgun_Silver (Shooting).prefab using Guid(37e98970f8baf7647b735d9036006f0d) Importer(815301076,1909f56bfc062723c751e8b465ee728b)  -> (artifact id: '2a45960bf898d7a07f478f84b0816ac7') in 1.597853 seconds
  Import took 1.605968 seconds .

========================================================================
Received Import Request.
  Time since last request: 0.000265 seconds.
  path: Assets/Guns/Nokobot/Modern Guns - Handgun/_Prefabs/Handgun Silver/M1911 Magazine_Silver.prefab
  artifactKey: Guid(b5c250cf857e87546bfae19a751f3c92) Importer(815301076,1909f56bfc062723c751e8b465ee728b)
Start importing Assets/Guns/Nokobot/Modern Guns - Handgun/_Prefabs/Handgun Silver/M1911 Magazine_Silver.prefab using Guid(b5c250cf857e87546bfae19a751f3c92) Importer(815301076,1909f56bfc062723c751e8b465ee728b)  -> (artifact id: '3656513c688d703a8116aad0337bad2b') in 0.340798 seconds
  Import took 0.347847 seconds .

========================================================================
Received Import Request.
  Time since last request: 0.000427 seconds.
  path: Assets/Guns/Nokobot/Modern Guns - Handgun/_Prefabs/Handgun Silver/M1911 Handgun_Silver.prefab
  artifactKey: Guid(5c59210965ffbcc4093fe99a29edb777) Importer(815301076,1909f56bfc062723c751e8b465ee728b)
Start importing Assets/Guns/Nokobot/Modern Guns - Handgun/_Prefabs/Handgun Silver/M1911 Handgun_Silver.prefab using Guid(5c59210965ffbcc4093fe99a29edb777) Importer(815301076,1909f56bfc062723c751e8b465ee728b)  -> (artifact id: '55bba3630d1caf63f6c3e9fd8c20dd1f') in 1.701634 seconds
  Import took 1.709338 seconds .

========================================================================
Received Import Request.
  Time since last request: 0.000271 seconds.
  path: Assets/Guns/Nokobot/Modern Guns - Handgun/_Prefabs/Handgun Silver/M1911 Magazine_Silver_Full.prefab
  artifactKey: Guid(383b1a391f98da5478a7dddc283414a8) Importer(815301076,1909f56bfc062723c751e8b465ee728b)
Start importing Assets/Guns/Nokobot/Modern Guns - Handgun/_Prefabs/Handgun Silver/M1911 Magazine_Silver_Full.prefab using Guid(383b1a391f98da5478a7dddc283414a8) Importer(815301076,1909f56bfc062723c751e8b465ee728b)  -> (artifact id: 'cecdfb2fb00e64b8fbe21d7dca720eb8') in 0.401830 seconds
  Import took 0.410103 seconds .

========================================================================
Received Import Request.
  Time since last request: 479.978611 seconds.
  path: Assets/Guns/Nokobot/Modern Guns - Handgun/_Demo Assets/Post Process Volume.asset
  artifactKey: Guid(11c5769b733014f458c6c86a10e5613f) Importer(815301076,1909f56bfc062723c751e8b465ee728b)
Start importing Assets/Guns/Nokobot/Modern Guns - Handgun/_Demo Assets/Post Process Volume.asset using Guid(11c5769b733014f458c6c86a10e5613f) Importer(815301076,1909f56bfc062723c751e8b465ee728b)  -> (artifact id: 'e273ee97c411e95b69883b1b3eb9414a') in 0.008586 seconds
  Import took 0.020587 seconds .

========================================================================
Received Prepare
Registering precompiled user dll's ...
Registered in 0.003549 seconds.
Begin MonoManager ReloadAssembly
Native extension for WindowsStandalone target not found
Native extension for WebGL target not found
Refreshing native plugins compatible for Editor in 0.82 ms, found 3 plugins.
Preloading 1 native plugins for Editor in 0.10 ms.
Invoked RoslynAnalysisRunner static constructor.
RoslynAnalysisRunner will not be running.
RoslynAnalysisRunner has terminated.
NullReferenceException: Object reference not set to an instance of an object
  at Unity.XR.Oculus.OculusLoader.AssetPathToAbsolutePath (System.String assetPath) [0x00048] in C:\Users\13854\Desktop\VR_Unity\Library\PackageCache\com.unity.xr.oculus@1.6.1\Runtime\OculusLoader.cs:242 
  at Unity.XR.Oculus.OculusLoader.EditorLoadOVRPlugin () [0x0007b] in C:\Users\13854\Desktop\VR_Unity\Library\PackageCache\com.unity.xr.oculus@1.6.1\Runtime\OculusLoader.cs:227 

(Filename: C:/Users/13854/Desktop/VR_Unity/Library/PackageCache/com.unity.xr.oculus@1.6.1/Runtime/OculusLoader.cs Line: 242)

Mono: successfully reloaded assembly
- Completed reload, in  1.304 seconds
Platform modules already initialized, skipping
Switching build target platform(5) subTarget(0) extendedPlatform(0) -> platform(13) subTarget(536870918) extendedPlatform(0)
Shader 'Universal Render Pipeline/Particles/Lit': fallback shader 'Universal Render Pipeline/Particles/SimpleLit' not found
Refreshing native plugins compatible for Editor in 0.81 ms, found 3 plugins.
Preloading 1 native plugins for Editor in 0.07 ms.
Unloading 3036 Unused Serialized files (Serialized files now loaded: 0)
System memory in use before: 150.0 MB.
System memory in use after: 150.3 MB.

Unloading 7 unused Assets to reduce memory usage. Loaded Objects now: 3745.
Total: 3.311700 ms (FindLiveObjects: 0.428200 ms CreateObjectMapping: 0.112000 ms MarkObjects: 2.746500 ms  DeleteObjects: 0.023400 ms)

AssetImportParameters requested are different than current active one (requested -> active):
  custom:graphics/normal-map-encoding: 01000000000000000000000000000000 -> 02000000000000000000000000000000
========================================================================
Received Import Request.
  Time since last request: 547.859808 seconds.
  path: Assets/Guns/Nokobot/Modern Guns - Handgun/Animations/M1911 Handgun Controller.controller
  artifactKey: Guid(03d1fe4e93c9d4445b3a611df2ee5713) Importer(815301076,1909f56bfc062723c751e8b465ee728b)
Start importing Assets/Guns/Nokobot/Modern Guns - Handgun/Animations/M1911 Handgun Controller.controller using Guid(03d1fe4e93c9d4445b3a611df2ee5713) Importer(815301076,1909f56bfc062723c751e8b465ee728b)  -> (artifact id: '21941193330535671d00465a1f7648b2') in 0.025857 seconds
  Import took 0.034417 seconds .

========================================================================
Received Prepare
Registering precompiled user dll's ...
Registered in 0.003683 seconds.
Begin MonoManager ReloadAssembly
Native extension for WindowsStandalone target not found
Native extension for WebGL target not found
Refreshing native plugins compatible for Editor in 0.82 ms, found 3 plugins.
Preloading 1 native plugins for Editor in 0.08 ms.
Invoked RoslynAnalysisRunner static constructor.
RoslynAnalysisRunner will not be running.
RoslynAnalysisRunner has terminated.
NullReferenceException: Object reference not set to an instance of an object
  at Unity.XR.Oculus.OculusLoader.AssetPathToAbsolutePath (System.String assetPath) [0x00048] in C:\Users\13854\Desktop\VR_Unity\Library\PackageCache\com.unity.xr.oculus@1.6.1\Runtime\OculusLoader.cs:242 
  at Unity.XR.Oculus.OculusLoader.EditorLoadOVRPlugin () [0x0007b] in C:\Users\13854\Desktop\VR_Unity\Library\PackageCache\com.unity.xr.oculus@1.6.1\Runtime\OculusLoader.cs:227 

(Filename: C:/Users/13854/Desktop/VR_Unity/Library/PackageCache/com.unity.xr.oculus@1.6.1/Runtime/OculusLoader.cs Line: 242)

Mono: successfully reloaded assembly
- Completed reload, in  1.298 seconds
Platform modules already initialized, skipping
Switching build target platform(5) subTarget(0) extendedPlatform(0) -> platform(13) subTarget(536870918) extendedPlatform(0)
Shader 'Universal Render Pipeline/Particles/Lit': fallback shader 'Universal Render Pipeline/Particles/SimpleLit' not found
Refreshing native plugins compatible for Editor in 1.23 ms, found 3 plugins.
Preloading 1 native plugins for Editor in 0.08 ms.
Unloading 3036 Unused Serialized files (Serialized files now loaded: 0)
System memory in use before: 149.3 MB.
System memory in use after: 149.6 MB.

Unloading 7 unused Assets to reduce memory usage. Loaded Objects now: 3748.
Total: 3.779500 ms (FindLiveObjects: 0.455300 ms CreateObjectMapping: 0.125400 ms MarkObjects: 3.168400 ms  DeleteObjects: 0.028000 ms)

AssetImportParameters requested are different than current active one (requested -> active):
  custom:graphics/normal-map-encoding: 01000000000000000000000000000000 -> 02000000000000000000000000000000
========================================================================
Received Prepare
Registering precompiled user dll's ...
Registered in 0.003490 seconds.
Begin MonoManager ReloadAssembly
Native extension for WindowsStandalone target not found
Native extension for WebGL target not found
Refreshing native plugins compatible for Editor in 0.90 ms, found 3 plugins.
Preloading 1 native plugins for Editor in 0.10 ms.
Invoked RoslynAnalysisRunner static constructor.
RoslynAnalysisRunner will not be running.
RoslynAnalysisRunner has terminated.
NullReferenceException: Object reference not set to an instance of an object
  at Unity.XR.Oculus.OculusLoader.AssetPathToAbsolutePath (System.String assetPath) [0x00048] in C:\Users\13854\Desktop\VR_Unity\Library\PackageCache\com.unity.xr.oculus@1.6.1\Runtime\OculusLoader.cs:242 
  at Unity.XR.Oculus.OculusLoader.EditorLoadOVRPlugin () [0x0007b] in C:\Users\13854\Desktop\VR_Unity\Library\PackageCache\com.unity.xr.oculus@1.6.1\Runtime\OculusLoader.cs:227 

(Filename: C:/Users/13854/Desktop/VR_Unity/Library/PackageCache/com.unity.xr.oculus@1.6.1/Runtime/OculusLoader.cs Line: 242)

Mono: successfully reloaded assembly
- Completed reload, in  1.358 seconds
Platform modules already initialized, skipping
Switching build target platform(5) subTarget(0) extendedPlatform(0) -> platform(13) subTarget(536870918) extendedPlatform(0)
Shader 'Universal Render Pipeline/Particles/Lit': fallback shader 'Universal Render Pipeline/Particles/SimpleLit' not found
Refreshing native plugins compatible for Editor in 0.81 ms, found 3 plugins.
Preloading 1 native plugins for Editor in 0.08 ms.
Unloading 3036 Unused Serialized files (Serialized files now loaded: 0)
System memory in use before: 149.5 MB.
System memory in use after: 149.7 MB.

Unloading 7 unused Assets to reduce memory usage. Loaded Objects now: 3751.
Total: 3.903800 ms (FindLiveObjects: 0.478500 ms CreateObjectMapping: 0.132200 ms MarkObjects: 3.258100 ms  DeleteObjects: 0.032000 ms)

AssetImportParameters requested are different than current active one (requested -> active):
  custom:graphics/normal-map-encoding: 01000000000000000000000000000000 -> 02000000000000000000000000000000
